{"/Users/gink/projects/red-tetris/src/client/index.jsx": {"path":"/Users/gink/projects/red-tetris/src/client/index.jsx","statementMap":{"0":{"start":{"line":8,"column":13},"end":{"line":8,"column":67}},"1":{"start":{"line":10,"column":0},"end":{"line":14,"column":2}}},"fnMap":{},"branchMap":{},"s":{"0":0,"1":0},"f":{},"b":{}}
,"/Users/gink/projects/red-tetris/src/client/components/button/index.jsx": {"path":"/Users/gink/projects/red-tetris/src/client/components/button/index.jsx","statementMap":{"0":{"start":{"line":5,"column":15},"end":{"line":11,"column":1}},"1":{"start":{"line":6,"column":4},"end":{"line":10,"column":6}}},"fnMap":{"0":{"name":"(anonymous_0)","decl":{"start":{"line":5,"column":15},"end":{"line":5,"column":16}},"loc":{"start":{"line":5,"column":53},"end":{"line":11,"column":1}},"line":5}},"branchMap":{},"s":{"0":2,"1":69},"f":{"0":69},"b":{},"_coverageSchema":"1a1c01bbd47fc00a2c39e90264f33305004495a9","hash":"eb51dcb6a342b1e1beea8df31489c26c053a6d54"}
,"/Users/gink/projects/red-tetris/src/client/components/field/index.jsx": {"path":"/Users/gink/projects/red-tetris/src/client/components/field/index.jsx","statementMap":{"0":{"start":{"line":8,"column":17},"end":{"line":8,"column":18}},"1":{"start":{"line":10,"column":14},"end":{"line":30,"column":1}},"2":{"start":{"line":11,"column":21},"end":{"line":11,"column":87}},"3":{"start":{"line":12,"column":23},"end":{"line":12,"column":64}},"4":{"start":{"line":13,"column":24},"end":{"line":13,"column":63}},"5":{"start":{"line":15,"column":4},"end":{"line":29,"column":6}},"6":{"start":{"line":19,"column":40},"end":{"line":27,"column":14}},"7":{"start":{"line":21,"column":16},"end":{"line":26,"column":19}}},"fnMap":{"0":{"name":"(anonymous_0)","decl":{"start":{"line":10,"column":14},"end":{"line":10,"column":15}},"loc":{"start":{"line":10,"column":78},"end":{"line":30,"column":1}},"line":10},"1":{"name":"(anonymous_1)","decl":{"start":{"line":19,"column":23},"end":{"line":19,"column":24}},"loc":{"start":{"line":19,"column":40},"end":{"line":27,"column":14}},"line":19},"2":{"name":"(anonymous_2)","decl":{"start":{"line":19,"column":50},"end":{"line":19,"column":51}},"loc":{"start":{"line":19,"column":68},"end":{"line":27,"column":13}},"line":19}},"branchMap":{"0":{"loc":{"start":{"line":10,"column":24},"end":{"line":10,"column":71}},"type":"default-arg","locations":[{"start":{"line":10,"column":35},"end":{"line":10,"column":71}}],"line":10},"1":{"loc":{"start":{"line":11,"column":21},"end":{"line":11,"column":87}},"type":"cond-expr","locations":[{"start":{"line":11,"column":56},"end":{"line":11,"column":70}},{"start":{"line":11,"column":73},"end":{"line":11,"column":87}}],"line":11}},"s":{"0":2,"1":2,"2":24,"3":24,"4":24,"5":24,"6":480,"7":4800},"f":{"0":24,"1":480,"2":4800},"b":{"0":[21],"1":[23,1]},"_coverageSchema":"1a1c01bbd47fc00a2c39e90264f33305004495a9","hash":"85c17fc093ad60a869a2a36acf1fa70e40980101"}
,"/Users/gink/projects/red-tetris/src/client/components/field/cube/index.jsx": {"path":"/Users/gink/projects/red-tetris/src/client/components/field/cube/index.jsx","statementMap":{"0":{"start":{"line":6,"column":25},"end":{"line":9,"column":1}},"1":{"start":{"line":10,"column":13},"end":{"line":20,"column":1}},"2":{"start":{"line":11,"column":18},"end":{"line":11,"column":86}},"3":{"start":{"line":13,"column":4},"end":{"line":19,"column":6}}},"fnMap":{"0":{"name":"(anonymous_0)","decl":{"start":{"line":10,"column":13},"end":{"line":10,"column":14}},"loc":{"start":{"line":10,"column":68},"end":{"line":20,"column":1}},"line":10}},"branchMap":{"0":{"loc":{"start":{"line":10,"column":16},"end":{"line":10,"column":37}},"type":"default-arg","locations":[{"start":{"line":10,"column":23},"end":{"line":10,"column":37}}],"line":10}},"s":{"0":2,"1":2,"2":5826,"3":5826},"f":{"0":5826},"b":{"0":[1]},"_coverageSchema":"1a1c01bbd47fc00a2c39e90264f33305004495a9","hash":"ab0bd59b97e4e92a438b163278a9c4ba10d6b452"}
,"/Users/gink/projects/red-tetris/src/client/components/modal/index.jsx": {"path":"/Users/gink/projects/red-tetris/src/client/components/modal/index.jsx","statementMap":{"0":{"start":{"line":5,"column":29},"end":{"line":5,"column":36}},"1":{"start":{"line":7,"column":14},"end":{"line":21,"column":1}},"2":{"start":{"line":9,"column":4},"end":{"line":11,"column":5}},"3":{"start":{"line":10,"column":8},"end":{"line":10,"column":20}},"4":{"start":{"line":13,"column":4},"end":{"line":20,"column":6}}},"fnMap":{"0":{"name":"(anonymous_0)","decl":{"start":{"line":7,"column":14},"end":{"line":7,"column":15}},"loc":{"start":{"line":7,"column":73},"end":{"line":21,"column":1}},"line":7}},"branchMap":{"0":{"loc":{"start":{"line":9,"column":4},"end":{"line":11,"column":5}},"type":"if","locations":[{"start":{"line":9,"column":4},"end":{"line":11,"column":5}},{"start":{},"end":{}}],"line":9},"1":{"loc":{"start":{"line":17,"column":20},"end":{"line":17,"column":36}},"type":"binary-expr","locations":[{"start":{"line":17,"column":20},"end":{"line":17,"column":24}},{"start":{"line":17,"column":28},"end":{"line":17,"column":36}}],"line":17}},"s":{"0":2,"1":2,"2":28,"3":24,"4":4},"f":{"0":28},"b":{"0":[24,4],"1":[4,3]},"_coverageSchema":"1a1c01bbd47fc00a2c39e90264f33305004495a9","hash":"916ba3a67be8376b76ced5cae6b4661ac9abaa6a"}
,"/Users/gink/projects/red-tetris/src/client/containers/app.jsx": {"path":"/Users/gink/projects/red-tetris/src/client/containers/app.jsx","statementMap":{"0":{"start":{"line":8,"column":12},"end":{"line":22,"column":1}},"1":{"start":{"line":9,"column":4},"end":{"line":13,"column":11}},"2":{"start":{"line":10,"column":8},"end":{"line":10,"column":45}},"3":{"start":{"line":12,"column":8},"end":{"line":12,"column":31}},"4":{"start":{"line":15,"column":4},"end":{"line":21,"column":6}}},"fnMap":{"0":{"name":"(anonymous_0)","decl":{"start":{"line":8,"column":12},"end":{"line":8,"column":13}},"loc":{"start":{"line":8,"column":18},"end":{"line":22,"column":1}},"line":8},"1":{"name":"(anonymous_1)","decl":{"start":{"line":9,"column":14},"end":{"line":9,"column":15}},"loc":{"start":{"line":9,"column":20},"end":{"line":13,"column":5}},"line":9}},"branchMap":{},"s":{"0":2,"1":6,"2":6,"3":6,"4":6},"f":{"0":6,"1":6},"b":{},"_coverageSchema":"1a1c01bbd47fc00a2c39e90264f33305004495a9","hash":"4f1d2887473ada6a3b7ea68f2e8355611dbeaf8a"}
,"/Users/gink/projects/red-tetris/src/client/containers/game/gameOverModal.jsx": {"path":"/Users/gink/projects/red-tetris/src/client/containers/game/gameOverModal.jsx","statementMap":{"0":{"start":{"line":7,"column":25},"end":{"line":7,"column":52}},"1":{"start":{"line":8,"column":26},"end":{"line":8,"column":53}},"2":{"start":{"line":10,"column":22},"end":{"line":30,"column":1}},"3":{"start":{"line":11,"column":23},"end":{"line":11,"column":52}},"4":{"start":{"line":12,"column":26},"end":{"line":12,"column":58}},"5":{"start":{"line":13,"column":21},"end":{"line":13,"column":54}},"6":{"start":{"line":14,"column":17},"end":{"line":14,"column":50}},"7":{"start":{"line":15,"column":31},"end":{"line":15,"column":46}},"8":{"start":{"line":17,"column":4},"end":{"line":23,"column":36}},"9":{"start":{"line":18,"column":8},"end":{"line":22,"column":9}},"10":{"start":{"line":19,"column":12},"end":{"line":19,"column":29}},"11":{"start":{"line":20,"column":15},"end":{"line":22,"column":9}},"12":{"start":{"line":21,"column":12},"end":{"line":21,"column":28}},"13":{"start":{"line":25,"column":4},"end":{"line":29,"column":6}},"14":{"start":{"line":26,"column":59},"end":{"line":26,"column":75}}},"fnMap":{"0":{"name":"(anonymous_0)","decl":{"start":{"line":10,"column":22},"end":{"line":10,"column":23}},"loc":{"start":{"line":10,"column":28},"end":{"line":30,"column":1}},"line":10},"1":{"name":"(anonymous_1)","decl":{"start":{"line":17,"column":14},"end":{"line":17,"column":15}},"loc":{"start":{"line":17,"column":20},"end":{"line":23,"column":5}},"line":17},"2":{"name":"(anonymous_2)","decl":{"start":{"line":26,"column":53},"end":{"line":26,"column":54}},"loc":{"start":{"line":26,"column":59},"end":{"line":26,"column":75}},"line":26}},"branchMap":{"0":{"loc":{"start":{"line":14,"column":17},"end":{"line":14,"column":50}},"type":"cond-expr","locations":[{"start":{"line":14,"column":28},"end":{"line":14,"column":37}},{"start":{"line":14,"column":40},"end":{"line":14,"column":50}}],"line":14},"1":{"loc":{"start":{"line":18,"column":8},"end":{"line":22,"column":9}},"type":"if","locations":[{"start":{"line":18,"column":8},"end":{"line":22,"column":9}},{"start":{"line":20,"column":15},"end":{"line":22,"column":9}}],"line":18},"2":{"loc":{"start":{"line":20,"column":15},"end":{"line":22,"column":9}},"type":"if","locations":[{"start":{"line":20,"column":15},"end":{"line":22,"column":9}},{"start":{},"end":{}}],"line":20}},"s":{"0":2,"1":2,"2":2,"3":27,"4":27,"5":27,"6":27,"7":27,"8":27,"9":13,"10":1,"11":12,"12":3,"13":27,"14":2},"f":{"0":27,"1":13,"2":2},"b":{"0":[3,24],"1":[1,12],"2":[3,9]},"_coverageSchema":"1a1c01bbd47fc00a2c39e90264f33305004495a9","hash":"9d03aa03e1c7b0cd75d4ccaf5b74345e010b9b52"}
,"/Users/gink/projects/red-tetris/src/client/containers/game/index.jsx": {"path":"/Users/gink/projects/red-tetris/src/client/containers/game/index.jsx","statementMap":{"0":{"start":{"line":9,"column":13},"end":{"line":21,"column":1}},"1":{"start":{"line":10,"column":23},"end":{"line":10,"column":47}},"2":{"start":{"line":12,"column":4},"end":{"line":12,"column":21}},"3":{"start":{"line":13,"column":4},"end":{"line":13,"column":20}},"4":{"start":{"line":15,"column":4},"end":{"line":20,"column":6}}},"fnMap":{"0":{"name":"(anonymous_0)","decl":{"start":{"line":9,"column":13},"end":{"line":9,"column":14}},"loc":{"start":{"line":9,"column":19},"end":{"line":21,"column":1}},"line":9}},"branchMap":{},"s":{"0":2,"1":21,"2":21,"3":21,"4":21},"f":{"0":21},"b":{},"_coverageSchema":"1a1c01bbd47fc00a2c39e90264f33305004495a9","hash":"adc03c80ee4920b59c540cb6a749702e2b2b9013"}
,"/Users/gink/projects/red-tetris/src/client/containers/game/useGameControl.js": {"path":"/Users/gink/projects/red-tetris/src/client/containers/game/useGameControl.js","statementMap":{"0":{"start":{"line":13,"column":20},"end":{"line":36,"column":1}},"1":{"start":{"line":14,"column":17},"end":{"line":14,"column":21}},"2":{"start":{"line":16,"column":4},"end":{"line":32,"column":5}},"3":{"start":{"line":18,"column":12},"end":{"line":18,"column":32}},"4":{"start":{"line":19,"column":12},"end":{"line":19,"column":18}},"5":{"start":{"line":21,"column":12},"end":{"line":21,"column":37}},"6":{"start":{"line":22,"column":12},"end":{"line":22,"column":18}},"7":{"start":{"line":24,"column":12},"end":{"line":24,"column":39}},"8":{"start":{"line":25,"column":12},"end":{"line":25,"column":18}},"9":{"start":{"line":27,"column":12},"end":{"line":27,"column":40}},"10":{"start":{"line":28,"column":12},"end":{"line":28,"column":18}},"11":{"start":{"line":30,"column":12},"end":{"line":30,"column":41}},"12":{"start":{"line":31,"column":12},"end":{"line":31,"column":18}},"13":{"start":{"line":33,"column":4},"end":{"line":35,"column":5}},"14":{"start":{"line":34,"column":8},"end":{"line":34,"column":33}},"15":{"start":{"line":38,"column":23},"end":{"line":52,"column":1}},"16":{"start":{"line":39,"column":26},"end":{"line":39,"column":58}},"17":{"start":{"line":41,"column":4},"end":{"line":51,"column":24}},"18":{"start":{"line":42,"column":8},"end":{"line":44,"column":9}},"19":{"start":{"line":43,"column":12},"end":{"line":43,"column":19}},"20":{"start":{"line":46,"column":8},"end":{"line":46,"column":58}},"21":{"start":{"line":48,"column":8},"end":{"line":50,"column":10}},"22":{"start":{"line":49,"column":12},"end":{"line":49,"column":65}}},"fnMap":{"0":{"name":"(anonymous_0)","decl":{"start":{"line":13,"column":20},"end":{"line":13,"column":21}},"loc":{"start":{"line":13,"column":27},"end":{"line":36,"column":1}},"line":13},"1":{"name":"(anonymous_1)","decl":{"start":{"line":38,"column":23},"end":{"line":38,"column":24}},"loc":{"start":{"line":38,"column":29},"end":{"line":52,"column":1}},"line":38},"2":{"name":"(anonymous_2)","decl":{"start":{"line":41,"column":14},"end":{"line":41,"column":15}},"loc":{"start":{"line":41,"column":20},"end":{"line":51,"column":5}},"line":41},"3":{"name":"(anonymous_3)","decl":{"start":{"line":48,"column":15},"end":{"line":48,"column":16}},"loc":{"start":{"line":48,"column":21},"end":{"line":50,"column":9}},"line":48}},"branchMap":{"0":{"loc":{"start":{"line":16,"column":4},"end":{"line":32,"column":5}},"type":"switch","locations":[{"start":{"line":17,"column":8},"end":{"line":19,"column":18}},{"start":{"line":20,"column":8},"end":{"line":22,"column":18}},{"start":{"line":23,"column":8},"end":{"line":25,"column":18}},{"start":{"line":26,"column":8},"end":{"line":28,"column":18}},{"start":{"line":29,"column":8},"end":{"line":31,"column":18}}],"line":16},"1":{"loc":{"start":{"line":33,"column":4},"end":{"line":35,"column":5}},"type":"if","locations":[{"start":{"line":33,"column":4},"end":{"line":35,"column":5}},{"start":{},"end":{}}],"line":33},"2":{"loc":{"start":{"line":42,"column":8},"end":{"line":44,"column":9}},"type":"if","locations":[{"start":{"line":42,"column":8},"end":{"line":44,"column":9}},{"start":{},"end":{}}],"line":42}},"s":{"0":2,"1":26,"2":26,"3":9,"4":9,"5":2,"6":2,"7":6,"8":6,"9":8,"10":8,"11":1,"12":1,"13":26,"14":26,"15":2,"16":21,"17":21,"18":11,"19":10,"20":1,"21":1,"22":1},"f":{"0":26,"1":21,"2":11,"3":1},"b":{"0":[9,2,6,8,1],"1":[26,0],"2":[10,1]},"_coverageSchema":"1a1c01bbd47fc00a2c39e90264f33305004495a9","hash":"136b5db29020b49bb7bf4bba10024cc64bedb3da"}
,"/Users/gink/projects/red-tetris/src/client/containers/game/useGameUpdate.js": {"path":"/Users/gink/projects/red-tetris/src/client/containers/game/useGameUpdate.js","statementMap":{"0":{"start":{"line":6,"column":35},"end":{"line":6,"column":38}},"1":{"start":{"line":8,"column":22},"end":{"line":26,"column":1}},"2":{"start":{"line":9,"column":21},"end":{"line":9,"column":34}},"3":{"start":{"line":10,"column":26},"end":{"line":10,"column":58}},"4":{"start":{"line":11,"column":29},"end":{"line":11,"column":41}},"5":{"start":{"line":13,"column":4},"end":{"line":25,"column":24}},"6":{"start":{"line":14,"column":8},"end":{"line":16,"column":9}},"7":{"start":{"line":15,"column":12},"end":{"line":15,"column":19}},"8":{"start":{"line":18,"column":8},"end":{"line":20,"column":32}},"9":{"start":{"line":19,"column":12},"end":{"line":19,"column":40}},"10":{"start":{"line":22,"column":8},"end":{"line":24,"column":10}},"11":{"start":{"line":23,"column":12},"end":{"line":23,"column":59}}},"fnMap":{"0":{"name":"(anonymous_0)","decl":{"start":{"line":8,"column":22},"end":{"line":8,"column":23}},"loc":{"start":{"line":8,"column":28},"end":{"line":26,"column":1}},"line":8},"1":{"name":"(anonymous_1)","decl":{"start":{"line":13,"column":14},"end":{"line":13,"column":15}},"loc":{"start":{"line":13,"column":20},"end":{"line":25,"column":5}},"line":13},"2":{"name":"(anonymous_2)","decl":{"start":{"line":18,"column":54},"end":{"line":18,"column":55}},"loc":{"start":{"line":18,"column":60},"end":{"line":20,"column":9}},"line":18},"3":{"name":"(anonymous_3)","decl":{"start":{"line":22,"column":15},"end":{"line":22,"column":16}},"loc":{"start":{"line":22,"column":21},"end":{"line":24,"column":9}},"line":22}},"branchMap":{"0":{"loc":{"start":{"line":14,"column":8},"end":{"line":16,"column":9}},"type":"if","locations":[{"start":{"line":14,"column":8},"end":{"line":16,"column":9}},{"start":{},"end":{}}],"line":14}},"s":{"0":2,"1":2,"2":21,"3":21,"4":21,"5":21,"6":11,"7":10,"8":1,"9":0,"10":1,"11":1},"f":{"0":21,"1":11,"2":0,"3":1},"b":{"0":[10,1]},"_coverageSchema":"1a1c01bbd47fc00a2c39e90264f33305004495a9","hash":"22725c712eba04ee5df39dfc4053b59338169ddc"}
,"/Users/gink/projects/red-tetris/src/client/containers/gameList/gameUnit.jsx": {"path":"/Users/gink/projects/red-tetris/src/client/containers/gameList/gameUnit.jsx","statementMap":{"0":{"start":{"line":6,"column":33},"end":{"line":6,"column":44}},"1":{"start":{"line":8,"column":17},"end":{"line":23,"column":1}},"2":{"start":{"line":9,"column":26},"end":{"line":11,"column":5}},"3":{"start":{"line":10,"column":8},"end":{"line":10,"column":35}},"4":{"start":{"line":13,"column":4},"end":{"line":22,"column":6}}},"fnMap":{"0":{"name":"(anonymous_0)","decl":{"start":{"line":8,"column":17},"end":{"line":8,"column":18}},"loc":{"start":{"line":8,"column":38},"end":{"line":23,"column":1}},"line":8},"1":{"name":"(anonymous_1)","decl":{"start":{"line":9,"column":26},"end":{"line":9,"column":27}},"loc":{"start":{"line":9,"column":32},"end":{"line":11,"column":5}},"line":9}},"branchMap":{"0":{"loc":{"start":{"line":19,"column":44},"end":{"line":19,"column":94}},"type":"binary-expr","locations":[{"start":{"line":19,"column":44},"end":{"line":19,"column":59}},{"start":{"line":19,"column":63},"end":{"line":19,"column":76}},{"start":{"line":19,"column":80},"end":{"line":19,"column":94}}],"line":19}},"s":{"0":2,"1":2,"2":23,"3":0,"4":23},"f":{"0":23,"1":0},"b":{"0":[23,0,0]},"_coverageSchema":"1a1c01bbd47fc00a2c39e90264f33305004495a9","hash":"149f180732d803140bff9eb25fed239f47d6e331"}
,"/Users/gink/projects/red-tetris/src/client/containers/gameList/index.jsx": {"path":"/Users/gink/projects/red-tetris/src/client/containers/gameList/index.jsx","statementMap":{"0":{"start":{"line":9,"column":31},"end":{"line":9,"column":91}},"1":{"start":{"line":9,"column":62},"end":{"line":9,"column":91}},"2":{"start":{"line":11,"column":17},"end":{"line":27,"column":1}},"3":{"start":{"line":12,"column":18},"end":{"line":12,"column":50}},"4":{"start":{"line":14,"column":4},"end":{"line":19,"column":11}},"5":{"start":{"line":15,"column":8},"end":{"line":15,"column":33}},"6":{"start":{"line":16,"column":8},"end":{"line":16,"column":38}},"7":{"start":{"line":18,"column":8},"end":{"line":18,"column":51}},"8":{"start":{"line":21,"column":4},"end":{"line":26,"column":6}},"9":{"start":{"line":24,"column":16},"end":{"line":24,"column":69}}},"fnMap":{"0":{"name":"(anonymous_0)","decl":{"start":{"line":9,"column":31},"end":{"line":9,"column":32}},"loc":{"start":{"line":9,"column":62},"end":{"line":9,"column":91}},"line":9},"1":{"name":"(anonymous_1)","decl":{"start":{"line":11,"column":17},"end":{"line":11,"column":18}},"loc":{"start":{"line":11,"column":23},"end":{"line":27,"column":1}},"line":11},"2":{"name":"(anonymous_2)","decl":{"start":{"line":14,"column":14},"end":{"line":14,"column":15}},"loc":{"start":{"line":14,"column":20},"end":{"line":19,"column":5}},"line":14},"3":{"name":"(anonymous_3)","decl":{"start":{"line":23,"column":23},"end":{"line":23,"column":24}},"loc":{"start":{"line":24,"column":16},"end":{"line":24,"column":69}},"line":24}},"branchMap":{"0":{"loc":{"start":{"line":9,"column":32},"end":{"line":9,"column":57}},"type":"default-arg","locations":[{"start":{"line":9,"column":43},"end":{"line":9,"column":57}}],"line":9}},"s":{"0":2,"1":7,"2":2,"3":25,"4":25,"5":7,"6":7,"7":7,"8":25,"9":23},"f":{"0":7,"1":25,"2":7,"3":23},"b":{"0":[7]},"_coverageSchema":"1a1c01bbd47fc00a2c39e90264f33305004495a9","hash":"becd6bde0233c9160f338062513a1aad75987c7a"}
,"/Users/gink/projects/red-tetris/src/client/containers/sidePanel/index.jsx": {"path":"/Users/gink/projects/red-tetris/src/client/containers/sidePanel/index.jsx","statementMap":{"0":{"start":{"line":10,"column":20},"end":{"line":14,"column":1}},"1":{"start":{"line":16,"column":18},"end":{"line":24,"column":1}},"2":{"start":{"line":17,"column":18},"end":{"line":17,"column":63}},"3":{"start":{"line":19,"column":4},"end":{"line":23,"column":6}}},"fnMap":{"0":{"name":"(anonymous_0)","decl":{"start":{"line":16,"column":18},"end":{"line":16,"column":19}},"loc":{"start":{"line":16,"column":24},"end":{"line":24,"column":1}},"line":16}},"branchMap":{},"s":{"0":2,"1":2,"2":11,"3":11},"f":{"0":11},"b":{},"_coverageSchema":"1a1c01bbd47fc00a2c39e90264f33305004495a9","hash":"92f936d2acdd2df2e603df7370858a3989681168"}
,"/Users/gink/projects/red-tetris/src/client/containers/sidePanel/fields/index.jsx": {"path":"/Users/gink/projects/red-tetris/src/client/containers/sidePanel/fields/index.jsx","statementMap":{"0":{"start":{"line":7,"column":39},"end":{"line":7,"column":56}},"1":{"start":{"line":9,"column":15},"end":{"line":25,"column":1}},"2":{"start":{"line":10,"column":28},"end":{"line":10,"column":62}},"3":{"start":{"line":12,"column":4},"end":{"line":24,"column":6}},"4":{"start":{"line":16,"column":16},"end":{"line":21,"column":18}}},"fnMap":{"0":{"name":"(anonymous_0)","decl":{"start":{"line":9,"column":15},"end":{"line":9,"column":16}},"loc":{"start":{"line":9,"column":21},"end":{"line":25,"column":1}},"line":9},"1":{"name":"(anonymous_1)","decl":{"start":{"line":15,"column":33},"end":{"line":15,"column":34}},"loc":{"start":{"line":15,"column":56},"end":{"line":22,"column":13}},"line":15}},"branchMap":{},"s":{"0":2,"1":2,"2":0,"3":0,"4":0},"f":{"0":0,"1":0},"b":{},"_coverageSchema":"1a1c01bbd47fc00a2c39e90264f33305004495a9","hash":"04028e270b8255993aa0c27b2c6715053fc98112"}
,"/Users/gink/projects/red-tetris/src/client/containers/sidePanel/main/index.jsx": {"path":"/Users/gink/projects/red-tetris/src/client/containers/sidePanel/main/index.jsx","statementMap":{"0":{"start":{"line":5,"column":37},"end":{"line":5,"column":54}},"1":{"start":{"line":7,"column":13},"end":{"line":16,"column":1}},"2":{"start":{"line":9,"column":4},"end":{"line":15,"column":6}}},"fnMap":{"0":{"name":"(anonymous_0)","decl":{"start":{"line":7,"column":13},"end":{"line":7,"column":14}},"loc":{"start":{"line":7,"column":19},"end":{"line":16,"column":1}},"line":7}},"branchMap":{},"s":{"0":2,"1":2,"2":7},"f":{"0":7},"b":{},"_coverageSchema":"1a1c01bbd47fc00a2c39e90264f33305004495a9","hash":"8b1a914bfd928c0fef1828bbff010f10a8161872"}
,"/Users/gink/projects/red-tetris/src/client/containers/sidePanel/main/menu.jsx": {"path":"/Users/gink/projects/red-tetris/src/client/containers/sidePanel/main/menu.jsx","statementMap":{"0":{"start":{"line":8,"column":18},"end":{"line":29,"column":1}},"1":{"start":{"line":9,"column":26},"end":{"line":9,"column":58}},"2":{"start":{"line":11,"column":42},"end":{"line":17,"column":5}},"3":{"start":{"line":12,"column":8},"end":{"line":16,"column":9}},"4":{"start":{"line":13,"column":12},"end":{"line":13,"column":30}},"5":{"start":{"line":15,"column":12},"end":{"line":15,"column":35}},"6":{"start":{"line":19,"column":4},"end":{"line":28,"column":6}},"7":{"start":{"line":24,"column":35},"end":{"line":24,"column":58}}},"fnMap":{"0":{"name":"(anonymous_0)","decl":{"start":{"line":8,"column":18},"end":{"line":8,"column":19}},"loc":{"start":{"line":8,"column":24},"end":{"line":29,"column":1}},"line":8},"1":{"name":"(anonymous_1)","decl":{"start":{"line":11,"column":42},"end":{"line":11,"column":43}},"loc":{"start":{"line":11,"column":48},"end":{"line":17,"column":5}},"line":11},"2":{"name":"(anonymous_2)","decl":{"start":{"line":24,"column":29},"end":{"line":24,"column":30}},"loc":{"start":{"line":24,"column":35},"end":{"line":24,"column":58}},"line":24}},"branchMap":{"0":{"loc":{"start":{"line":12,"column":8},"end":{"line":16,"column":9}},"type":"if","locations":[{"start":{"line":12,"column":8},"end":{"line":16,"column":9}},{"start":{"line":14,"column":15},"end":{"line":16,"column":9}}],"line":12},"1":{"loc":{"start":{"line":22,"column":17},"end":{"line":22,"column":58}},"type":"cond-expr","locations":[{"start":{"line":22,"column":33},"end":{"line":22,"column":44}},{"start":{"line":22,"column":47},"end":{"line":22,"column":58}}],"line":22}},"s":{"0":2,"1":9,"2":9,"3":1,"4":0,"5":1,"6":9,"7":0},"f":{"0":9,"1":1,"2":0},"b":{"0":[0,1],"1":[1,8]},"_coverageSchema":"1a1c01bbd47fc00a2c39e90264f33305004495a9","hash":"40bc478bc83237784de2834f989b522502dd37e4"}
,"/Users/gink/projects/red-tetris/src/client/containers/sidePanel/waitStart/index.jsx": {"path":"/Users/gink/projects/red-tetris/src/client/containers/sidePanel/waitStart/index.jsx","statementMap":{"0":{"start":{"line":8,"column":43},"end":{"line":8,"column":74}},"1":{"start":{"line":10,"column":18},"end":{"line":24,"column":1}},"2":{"start":{"line":11,"column":20},"end":{"line":11,"column":46}},"3":{"start":{"line":13,"column":4},"end":{"line":23,"column":6}},"4":{"start":{"line":19,"column":20},"end":{"line":19,"column":76}}},"fnMap":{"0":{"name":"(anonymous_0)","decl":{"start":{"line":10,"column":18},"end":{"line":10,"column":19}},"loc":{"start":{"line":10,"column":24},"end":{"line":24,"column":1}},"line":10},"1":{"name":"(anonymous_1)","decl":{"start":{"line":18,"column":29},"end":{"line":18,"column":30}},"loc":{"start":{"line":19,"column":20},"end":{"line":19,"column":76}},"line":19}},"branchMap":{},"s":{"0":2,"1":2,"2":14,"3":14,"4":38},"f":{"0":14,"1":38},"b":{},"_coverageSchema":"1a1c01bbd47fc00a2c39e90264f33305004495a9","hash":"8edf603f5050896b5bd65d04d3cd7220a9a22213"}
,"/Users/gink/projects/red-tetris/src/client/containers/sidePanel/waitStart/menu.jsx": {"path":"/Users/gink/projects/red-tetris/src/client/containers/sidePanel/waitStart/menu.jsx","statementMap":{"0":{"start":{"line":9,"column":13},"end":{"line":18,"column":1}},"1":{"start":{"line":10,"column":30},"end":{"line":10,"column":66}},"2":{"start":{"line":12,"column":4},"end":{"line":17,"column":6}},"3":{"start":{"line":14,"column":35},"end":{"line":14,"column":88}},"4":{"start":{"line":15,"column":57},"end":{"line":15,"column":74}}},"fnMap":{"0":{"name":"(anonymous_0)","decl":{"start":{"line":9,"column":13},"end":{"line":9,"column":14}},"loc":{"start":{"line":9,"column":19},"end":{"line":18,"column":1}},"line":9},"1":{"name":"(anonymous_1)","decl":{"start":{"line":14,"column":29},"end":{"line":14,"column":30}},"loc":{"start":{"line":14,"column":35},"end":{"line":14,"column":88}},"line":14},"2":{"name":"(anonymous_2)","decl":{"start":{"line":15,"column":51},"end":{"line":15,"column":52}},"loc":{"start":{"line":15,"column":57},"end":{"line":15,"column":74}},"line":15}},"branchMap":{"0":{"loc":{"start":{"line":15,"column":13},"end":{"line":15,"column":91}},"type":"binary-expr","locations":[{"start":{"line":15,"column":13},"end":{"line":15,"column":30}},{"start":{"line":15,"column":34},"end":{"line":15,"column":91}}],"line":15}},"s":{"0":2,"1":14,"2":14,"3":0,"4":0},"f":{"0":14,"1":0,"2":0},"b":{"0":[14,13]},"_coverageSchema":"1a1c01bbd47fc00a2c39e90264f33305004495a9","hash":"82877f9a7034aef0714b8e5d1215c726b86ae8e5"}
,"/Users/gink/projects/red-tetris/src/client/containers/sidePanel/waitStart/player.jsx": {"path":"/Users/gink/projects/red-tetris/src/client/containers/sidePanel/waitStart/player.jsx","statementMap":{"0":{"start":{"line":9,"column":35},"end":{"line":9,"column":48}},"1":{"start":{"line":11,"column":15},"end":{"line":26,"column":1}},"2":{"start":{"line":12,"column":30},"end":{"line":12,"column":66}},"3":{"start":{"line":13,"column":17},"end":{"line":13,"column":44}},"4":{"start":{"line":15,"column":4},"end":{"line":25,"column":6}},"5":{"start":{"line":20,"column":39},"end":{"line":20,"column":63}}},"fnMap":{"0":{"name":"(anonymous_0)","decl":{"start":{"line":11,"column":15},"end":{"line":11,"column":16}},"loc":{"start":{"line":11,"column":37},"end":{"line":26,"column":1}},"line":11},"1":{"name":"(anonymous_1)","decl":{"start":{"line":20,"column":33},"end":{"line":20,"column":34}},"loc":{"start":{"line":20,"column":39},"end":{"line":20,"column":63}},"line":20}},"branchMap":{"0":{"loc":{"start":{"line":18,"column":40},"end":{"line":18,"column":80}},"type":"binary-expr","locations":[{"start":{"line":18,"column":40},"end":{"line":18,"column":50}},{"start":{"line":18,"column":54},"end":{"line":18,"column":62}},{"start":{"line":18,"column":66},"end":{"line":18,"column":80}}],"line":18},"1":{"loc":{"start":{"line":19,"column":13},"end":{"line":20,"column":108}},"type":"binary-expr","locations":[{"start":{"line":19,"column":13},"end":{"line":19,"column":30}},{"start":{"line":19,"column":34},"end":{"line":19,"column":83}},{"start":{"line":20,"column":16},"end":{"line":20,"column":108}}],"line":19},"2":{"loc":{"start":{"line":22,"column":13},"end":{"line":22,"column":45}},"type":"binary-expr","locations":[{"start":{"line":22,"column":13},"end":{"line":22,"column":33}},{"start":{"line":22,"column":37},"end":{"line":22,"column":45}}],"line":22},"3":{"loc":{"start":{"line":23,"column":13},"end":{"line":23,"column":75}},"type":"binary-expr","locations":[{"start":{"line":23,"column":13},"end":{"line":23,"column":62}},{"start":{"line":23,"column":66},"end":{"line":23,"column":75}}],"line":23}},"s":{"0":2,"1":2,"2":38,"3":38,"4":38,"5":0},"f":{"0":38,"1":0},"b":{"0":[38,0,0],"1":[38,36,23],"2":[38,14],"3":[38,14]},"_coverageSchema":"1a1c01bbd47fc00a2c39e90264f33305004495a9","hash":"a999a9ec93d3457663390f87759e0b238a41e943"}
,"/Users/gink/projects/red-tetris/src/client/models/field.js": {"path":"/Users/gink/projects/red-tetris/src/client/models/field.js","statementMap":{"0":{"start":{"line":7,"column":26},"end":{"line":9,"column":1}},"1":{"start":{"line":8,"column":4},"end":{"line":8,"column":68}},"2":{"start":{"line":11,"column":27},"end":{"line":13,"column":1}},"3":{"start":{"line":12,"column":4},"end":{"line":12,"column":69}},"4":{"start":{"line":15,"column":21},"end":{"line":15,"column":79}},"5":{"start":{"line":15,"column":59},"end":{"line":15,"column":78}},"6":{"start":{"line":17,"column":19},"end":{"line":119,"column":1}},"7":{"start":{"line":19,"column":8},"end":{"line":19,"column":26}},"8":{"start":{"line":23,"column":25},"end":{"line":23,"column":35}},"9":{"start":{"line":25,"column":8},"end":{"line":27,"column":11}},"10":{"start":{"line":26,"column":12},"end":{"line":26,"column":78}},"11":{"start":{"line":29,"column":29},"end":{"line":29,"column":30}},"12":{"start":{"line":31,"column":8},"end":{"line":40,"column":11}},"13":{"start":{"line":32,"column":12},"end":{"line":34,"column":13}},"14":{"start":{"line":33,"column":16},"end":{"line":33,"column":23}},"15":{"start":{"line":36,"column":12},"end":{"line":39,"column":13}},"16":{"start":{"line":36,"column":39},"end":{"line":36,"column":80}},"17":{"start":{"line":37,"column":16},"end":{"line":37,"column":57}},"18":{"start":{"line":38,"column":16},"end":{"line":38,"column":36}},"19":{"start":{"line":42,"column":8},"end":{"line":44,"column":9}},"20":{"start":{"line":42,"column":21},"end":{"line":42,"column":22}},"21":{"start":{"line":43,"column":12},"end":{"line":43,"column":50}},"22":{"start":{"line":46,"column":8},"end":{"line":46,"column":42}},"23":{"start":{"line":50,"column":8},"end":{"line":53,"column":10}},"24":{"start":{"line":51,"column":12},"end":{"line":52,"column":70}},"25":{"start":{"line":57,"column":8},"end":{"line":59,"column":10}},"26":{"start":{"line":58,"column":12},"end":{"line":58,"column":93}},"27":{"start":{"line":63,"column":8},"end":{"line":68,"column":10}},"28":{"start":{"line":64,"column":16},"end":{"line":67,"column":17}},"29":{"start":{"line":73,"column":22},"end":{"line":73,"column":56}},"30":{"start":{"line":75,"column":8},"end":{"line":79,"column":9}},"31":{"start":{"line":76,"column":12},"end":{"line":78,"column":13}},"32":{"start":{"line":76,"column":37},"end":{"line":76,"column":83}},"33":{"start":{"line":77,"column":16},"end":{"line":77,"column":25}},"34":{"start":{"line":80,"column":8},"end":{"line":80,"column":17}},"35":{"start":{"line":84,"column":22},"end":{"line":84,"column":38}},"36":{"start":{"line":85,"column":22},"end":{"line":87,"column":93}},"37":{"start":{"line":87,"column":58},"end":{"line":87,"column":85}},"38":{"start":{"line":89,"column":8},"end":{"line":89,"column":61}},"39":{"start":{"line":93,"column":8},"end":{"line":93,"column":65}},"40":{"start":{"line":96,"column":54},"end":{"line":103,"column":5}},"41":{"start":{"line":97,"column":26},"end":{"line":97,"column":55}},"42":{"start":{"line":98,"column":21},"end":{"line":100,"column":61}},"43":{"start":{"line":102,"column":8},"end":{"line":102,"column":32}},"44":{"start":{"line":106,"column":22},"end":{"line":106,"column":37}},"45":{"start":{"line":108,"column":8},"end":{"line":113,"column":9}},"46":{"start":{"line":108,"column":21},"end":{"line":108,"column":42}},"47":{"start":{"line":109,"column":12},"end":{"line":112,"column":13}},"48":{"start":{"line":110,"column":16},"end":{"line":110,"column":48}},"49":{"start":{"line":111,"column":16},"end":{"line":111,"column":20}},"50":{"start":{"line":114,"column":8},"end":{"line":114,"column":21}},"51":{"start":{"line":117,"column":8},"end":{"line":117,"column":74}},"52":{"start":{"line":117,"column":41},"end":{"line":117,"column":72}}},"fnMap":{"0":{"name":"(anonymous_0)","decl":{"start":{"line":7,"column":26},"end":{"line":7,"column":27}},"loc":{"start":{"line":7,"column":32},"end":{"line":9,"column":1}},"line":7},"1":{"name":"(anonymous_1)","decl":{"start":{"line":11,"column":27},"end":{"line":11,"column":28}},"loc":{"start":{"line":11,"column":33},"end":{"line":13,"column":1}},"line":11},"2":{"name":"(anonymous_2)","decl":{"start":{"line":15,"column":53},"end":{"line":15,"column":54}},"loc":{"start":{"line":15,"column":59},"end":{"line":15,"column":78}},"line":15},"3":{"name":"(anonymous_3)","decl":{"start":{"line":18,"column":14},"end":{"line":18,"column":15}},"loc":{"start":{"line":18,"column":20},"end":{"line":20,"column":5}},"line":18},"4":{"name":"(anonymous_4)","decl":{"start":{"line":22,"column":12},"end":{"line":22,"column":13}},"loc":{"start":{"line":22,"column":40},"end":{"line":47,"column":5}},"line":22},"5":{"name":"(anonymous_5)","decl":{"start":{"line":25,"column":57},"end":{"line":25,"column":58}},"loc":{"start":{"line":25,"column":67},"end":{"line":27,"column":9}},"line":25},"6":{"name":"(anonymous_6)","decl":{"start":{"line":31,"column":33},"end":{"line":31,"column":34}},"loc":{"start":{"line":31,"column":48},"end":{"line":40,"column":9}},"line":31},"7":{"name":"(anonymous_7)","decl":{"start":{"line":36,"column":27},"end":{"line":36,"column":28}},"loc":{"start":{"line":36,"column":39},"end":{"line":36,"column":80}},"line":36},"8":{"name":"(anonymous_8)","decl":{"start":{"line":49,"column":13},"end":{"line":49,"column":14}},"loc":{"start":{"line":49,"column":35},"end":{"line":54,"column":5}},"line":49},"9":{"name":"(anonymous_9)","decl":{"start":{"line":50,"column":55},"end":{"line":50,"column":56}},"loc":{"start":{"line":51,"column":12},"end":{"line":52,"column":70}},"line":51},"10":{"name":"(anonymous_10)","decl":{"start":{"line":56,"column":12},"end":{"line":56,"column":13}},"loc":{"start":{"line":56,"column":34},"end":{"line":60,"column":5}},"line":56},"11":{"name":"(anonymous_11)","decl":{"start":{"line":57,"column":55},"end":{"line":57,"column":56}},"loc":{"start":{"line":58,"column":12},"end":{"line":58,"column":93}},"line":58},"12":{"name":"(anonymous_12)","decl":{"start":{"line":62,"column":14},"end":{"line":62,"column":15}},"loc":{"start":{"line":62,"column":36},"end":{"line":69,"column":5}},"line":62},"13":{"name":"(anonymous_13)","decl":{"start":{"line":63,"column":55},"end":{"line":63,"column":56}},"loc":{"start":{"line":64,"column":16},"end":{"line":67,"column":17}},"line":64},"14":{"name":"(anonymous_14)","decl":{"start":{"line":71,"column":17},"end":{"line":71,"column":18}},"loc":{"start":{"line":71,"column":39},"end":{"line":81,"column":5}},"line":71},"15":{"name":"(anonymous_15)","decl":{"start":{"line":76,"column":27},"end":{"line":76,"column":28}},"loc":{"start":{"line":76,"column":37},"end":{"line":76,"column":83}},"line":76},"16":{"name":"(anonymous_16)","decl":{"start":{"line":83,"column":13},"end":{"line":83,"column":14}},"loc":{"start":{"line":83,"column":59},"end":{"line":90,"column":5}},"line":83},"17":{"name":"(anonymous_17)","decl":{"start":{"line":87,"column":48},"end":{"line":87,"column":49}},"loc":{"start":{"line":87,"column":58},"end":{"line":87,"column":85}},"line":87},"18":{"name":"(anonymous_18)","decl":{"start":{"line":92,"column":17},"end":{"line":92,"column":18}},"loc":{"start":{"line":92,"column":31},"end":{"line":94,"column":5}},"line":92},"19":{"name":"(anonymous_19)","decl":{"start":{"line":96,"column":26},"end":{"line":96,"column":27}},"loc":{"start":{"line":96,"column":54},"end":{"line":103,"column":5}},"line":96},"20":{"name":"(anonymous_20)","decl":{"start":{"line":96,"column":54},"end":{"line":96,"column":55}},"loc":{"start":{"line":96,"column":65},"end":{"line":103,"column":5}},"line":96},"21":{"name":"(anonymous_21)","decl":{"start":{"line":105,"column":16},"end":{"line":105,"column":17}},"loc":{"start":{"line":105,"column":35},"end":{"line":115,"column":5}},"line":105},"22":{"name":"(anonymous_22)","decl":{"start":{"line":116,"column":20},"end":{"line":116,"column":21}},"loc":{"start":{"line":116,"column":31},"end":{"line":118,"column":5}},"line":116},"23":{"name":"(anonymous_23)","decl":{"start":{"line":117,"column":29},"end":{"line":117,"column":30}},"loc":{"start":{"line":117,"column":41},"end":{"line":117,"column":72}},"line":117}},"branchMap":{"0":{"loc":{"start":{"line":32,"column":12},"end":{"line":34,"column":13}},"type":"if","locations":[{"start":{"line":32,"column":12},"end":{"line":34,"column":13}},{"start":{},"end":{}}],"line":32},"1":{"loc":{"start":{"line":36,"column":12},"end":{"line":39,"column":13}},"type":"if","locations":[{"start":{"line":36,"column":12},"end":{"line":39,"column":13}},{"start":{},"end":{}}],"line":36},"2":{"loc":{"start":{"line":36,"column":39},"end":{"line":36,"column":80}},"type":"binary-expr","locations":[{"start":{"line":36,"column":39},"end":{"line":36,"column":70}},{"start":{"line":36,"column":74},"end":{"line":36,"column":80}}],"line":36},"3":{"loc":{"start":{"line":51,"column":12},"end":{"line":52,"column":70}},"type":"binary-expr","locations":[{"start":{"line":51,"column":13},"end":{"line":51,"column":50}},{"start":{"line":52,"column":12},"end":{"line":52,"column":70}}],"line":51},"4":{"loc":{"start":{"line":58,"column":12},"end":{"line":58,"column":93}},"type":"binary-expr","locations":[{"start":{"line":58,"column":13},"end":{"line":58,"column":30}},{"start":{"line":58,"column":35},"end":{"line":58,"column":93}}],"line":58},"5":{"loc":{"start":{"line":64,"column":16},"end":{"line":67,"column":17}},"type":"binary-expr","locations":[{"start":{"line":64,"column":16},"end":{"line":64,"column":30}},{"start":{"line":65,"column":21},"end":{"line":65,"column":54}},{"start":{"line":66,"column":20},"end":{"line":66,"column":78}}],"line":64},"6":{"loc":{"start":{"line":76,"column":12},"end":{"line":78,"column":13}},"type":"if","locations":[{"start":{"line":76,"column":12},"end":{"line":78,"column":13}},{"start":{},"end":{}}],"line":76},"7":{"loc":{"start":{"line":83,"column":38},"end":{"line":83,"column":54}},"type":"default-arg","locations":[{"start":{"line":83,"column":46},"end":{"line":83,"column":54}}],"line":83},"8":{"loc":{"start":{"line":85,"column":22},"end":{"line":87,"column":93}},"type":"cond-expr","locations":[{"start":{"line":86,"column":14},"end":{"line":86,"column":32}},{"start":{"line":87,"column":14},"end":{"line":87,"column":93}}],"line":85},"9":{"loc":{"start":{"line":89,"column":15},"end":{"line":89,"column":60}},"type":"cond-expr","locations":[{"start":{"line":89,"column":23},"end":{"line":89,"column":42}},{"start":{"line":89,"column":45},"end":{"line":89,"column":60}}],"line":89},"10":{"loc":{"start":{"line":98,"column":21},"end":{"line":100,"column":61}},"type":"cond-expr","locations":[{"start":{"line":99,"column":14},"end":{"line":99,"column":28}},{"start":{"line":100,"column":14},"end":{"line":100,"column":61}}],"line":98},"11":{"loc":{"start":{"line":98,"column":21},"end":{"line":98,"column":112}},"type":"binary-expr","locations":[{"start":{"line":98,"column":21},"end":{"line":98,"column":53}},{"start":{"line":98,"column":57},"end":{"line":98,"column":112}}],"line":98},"12":{"loc":{"start":{"line":108,"column":44},"end":{"line":108,"column":59}},"type":"binary-expr","locations":[{"start":{"line":108,"column":44},"end":{"line":108,"column":50}},{"start":{"line":108,"column":54},"end":{"line":108,"column":59}}],"line":108},"13":{"loc":{"start":{"line":109,"column":12},"end":{"line":112,"column":13}},"type":"if","locations":[{"start":{"line":109,"column":12},"end":{"line":112,"column":13}},{"start":{},"end":{}}],"line":109}},"s":{"0":3,"1":61,"2":3,"3":0,"4":3,"5":60,"6":3,"7":12,"8":10,"9":10,"10":40,"11":10,"12":10,"13":200,"14":0,"15":200,"16":209,"17":1,"18":1,"19":10,"20":10,"21":1,"22":10,"23":8,"24":32,"25":6,"26":21,"27":22,"28":76,"29":8,"30":8,"31":128,"32":500,"33":4,"34":4,"35":24731,"36":24731,"37":0,"38":24731,"39":25041,"40":5826,"41":25017,"42":25017,"43":25017,"44":0,"45":0,"46":0,"47":0,"48":0,"49":0,"50":0,"51":9,"52":85},"f":{"0":61,"1":0,"2":60,"3":12,"4":10,"5":40,"6":200,"7":209,"8":8,"9":32,"10":6,"11":21,"12":22,"13":76,"14":8,"15":500,"16":24731,"17":0,"18":25041,"19":5826,"20":25017,"21":0,"22":9,"23":85},"b":{"0":[0,200],"1":[1,199],"2":[209,10],"3":[32,32],"4":[21,20],"5":[76,76,72],"6":[4,124],"7":[24731],"8":[17131,7600],"9":[17131,7600],"10":[286,24731],"11":[25017,17417],"12":[0,0],"13":[0,0]},"_coverageSchema":"1a1c01bbd47fc00a2c39e90264f33305004495a9","hash":"ed5d65c4cef0b929d817b4c1872d522d88c360cd"}
,"/Users/gink/projects/red-tetris/src/client/models/game.js": {"path":"/Users/gink/projects/red-tetris/src/client/models/game.js","statementMap":{"0":{"start":{"line":18,"column":31},"end":{"line":22,"column":1}},"1":{"start":{"line":24,"column":15},"end":{"line":24,"column":19}},"2":{"start":{"line":26,"column":18},"end":{"line":158,"column":1}},"3":{"start":{"line":28,"column":8},"end":{"line":28,"column":22}},"4":{"start":{"line":32,"column":8},"end":{"line":32,"column":45}},"5":{"start":{"line":36,"column":8},"end":{"line":40,"column":9}},"6":{"start":{"line":37,"column":12},"end":{"line":37,"column":52}},"7":{"start":{"line":38,"column":12},"end":{"line":38,"column":40}},"8":{"start":{"line":39,"column":12},"end":{"line":39,"column":19}},"9":{"start":{"line":42,"column":8},"end":{"line":42,"column":84}},"10":{"start":{"line":43,"column":8},"end":{"line":43,"column":64}},"11":{"start":{"line":47,"column":8},"end":{"line":47,"column":26}},"12":{"start":{"line":49,"column":21},"end":{"line":49,"column":36}},"13":{"start":{"line":51,"column":8},"end":{"line":51,"column":42}},"14":{"start":{"line":53,"column":8},"end":{"line":59,"column":9}},"15":{"start":{"line":54,"column":12},"end":{"line":58,"column":14}},"16":{"start":{"line":63,"column":8},"end":{"line":63,"column":64}},"17":{"start":{"line":64,"column":8},"end":{"line":64,"column":60}},"18":{"start":{"line":65,"column":8},"end":{"line":65,"column":62}},"19":{"start":{"line":66,"column":8},"end":{"line":66,"column":62}},"20":{"start":{"line":67,"column":8},"end":{"line":67,"column":58}},"21":{"start":{"line":68,"column":8},"end":{"line":68,"column":85}},"22":{"start":{"line":72,"column":8},"end":{"line":72,"column":48}},"23":{"start":{"line":76,"column":8},"end":{"line":76,"column":72}},"24":{"start":{"line":80,"column":8},"end":{"line":80,"column":49}},"25":{"start":{"line":84,"column":8},"end":{"line":84,"column":36}},"26":{"start":{"line":85,"column":8},"end":{"line":85,"column":36}},"27":{"start":{"line":89,"column":8},"end":{"line":89,"column":57}},"28":{"start":{"line":93,"column":8},"end":{"line":93,"column":48}},"29":{"start":{"line":94,"column":8},"end":{"line":94,"column":26}},"30":{"start":{"line":98,"column":8},"end":{"line":100,"column":9}},"31":{"start":{"line":99,"column":12},"end":{"line":99,"column":19}},"32":{"start":{"line":102,"column":8},"end":{"line":102,"column":28}},"33":{"start":{"line":103,"column":8},"end":{"line":103,"column":43}},"34":{"start":{"line":104,"column":8},"end":{"line":104,"column":76}},"35":{"start":{"line":108,"column":8},"end":{"line":108,"column":43}},"36":{"start":{"line":112,"column":23},"end":{"line":112,"column":53}},"37":{"start":{"line":114,"column":8},"end":{"line":117,"column":9}},"38":{"start":{"line":115,"column":12},"end":{"line":115,"column":44}},"39":{"start":{"line":116,"column":12},"end":{"line":116,"column":40}},"40":{"start":{"line":121,"column":35},"end":{"line":121,"column":39}},"41":{"start":{"line":123,"column":8},"end":{"line":123,"column":50}},"42":{"start":{"line":125,"column":8},"end":{"line":127,"column":9}},"43":{"start":{"line":126,"column":12},"end":{"line":126,"column":54}},"44":{"start":{"line":131,"column":23},"end":{"line":131,"column":53}},"45":{"start":{"line":133,"column":8},"end":{"line":135,"column":9}},"46":{"start":{"line":134,"column":12},"end":{"line":134,"column":19}},"47":{"start":{"line":136,"column":8},"end":{"line":136,"column":37}},"48":{"start":{"line":138,"column":8},"end":{"line":140,"column":9}},"49":{"start":{"line":139,"column":12},"end":{"line":139,"column":42}},"50":{"start":{"line":144,"column":8},"end":{"line":148,"column":9}},"51":{"start":{"line":145,"column":12},"end":{"line":145,"column":30}},"52":{"start":{"line":147,"column":12},"end":{"line":147,"column":47}},"53":{"start":{"line":152,"column":8},"end":{"line":152,"column":43}},"54":{"start":{"line":156,"column":8},"end":{"line":156,"column":55}}},"fnMap":{"0":{"name":"(anonymous_0)","decl":{"start":{"line":27,"column":9},"end":{"line":27,"column":10}},"loc":{"start":{"line":27,"column":15},"end":{"line":29,"column":5}},"line":27},"1":{"name":"(anonymous_1)","decl":{"start":{"line":31,"column":10},"end":{"line":31,"column":11}},"loc":{"start":{"line":31,"column":30},"end":{"line":33,"column":5}},"line":31},"2":{"name":"(anonymous_2)","decl":{"start":{"line":35,"column":12},"end":{"line":35,"column":13}},"loc":{"start":{"line":35,"column":37},"end":{"line":44,"column":5}},"line":35},"3":{"name":"(anonymous_3)","decl":{"start":{"line":46,"column":13},"end":{"line":46,"column":14}},"loc":{"start":{"line":46,"column":21},"end":{"line":60,"column":5}},"line":46},"4":{"name":"(anonymous_4)","decl":{"start":{"line":62,"column":23},"end":{"line":62,"column":24}},"loc":{"start":{"line":62,"column":51},"end":{"line":69,"column":5}},"line":62},"5":{"name":"(anonymous_5)","decl":{"start":{"line":71,"column":11},"end":{"line":71,"column":12}},"loc":{"start":{"line":71,"column":17},"end":{"line":73,"column":5}},"line":71},"6":{"name":"(anonymous_6)","decl":{"start":{"line":75,"column":12},"end":{"line":75,"column":13}},"loc":{"start":{"line":75,"column":39},"end":{"line":77,"column":5}},"line":75},"7":{"name":"(anonymous_7)","decl":{"start":{"line":79,"column":12},"end":{"line":79,"column":13}},"loc":{"start":{"line":79,"column":18},"end":{"line":81,"column":5}},"line":79},"8":{"name":"(anonymous_8)","decl":{"start":{"line":83,"column":11},"end":{"line":83,"column":12}},"loc":{"start":{"line":83,"column":17},"end":{"line":86,"column":5}},"line":83},"9":{"name":"(anonymous_9)","decl":{"start":{"line":88,"column":10},"end":{"line":88,"column":11}},"loc":{"start":{"line":88,"column":24},"end":{"line":90,"column":5}},"line":88},"10":{"name":"(anonymous_10)","decl":{"start":{"line":92,"column":11},"end":{"line":92,"column":12}},"loc":{"start":{"line":92,"column":17},"end":{"line":95,"column":5}},"line":92},"11":{"name":"(anonymous_11)","decl":{"start":{"line":97,"column":14},"end":{"line":97,"column":15}},"loc":{"start":{"line":97,"column":24},"end":{"line":105,"column":5}},"line":97},"12":{"name":"(anonymous_12)","decl":{"start":{"line":107,"column":15},"end":{"line":107,"column":16}},"loc":{"start":{"line":107,"column":25},"end":{"line":109,"column":5}},"line":107},"13":{"name":"(anonymous_13)","decl":{"start":{"line":111,"column":13},"end":{"line":111,"column":14}},"loc":{"start":{"line":111,"column":23},"end":{"line":118,"column":5}},"line":111},"14":{"name":"(anonymous_14)","decl":{"start":{"line":120,"column":14},"end":{"line":120,"column":15}},"loc":{"start":{"line":120,"column":24},"end":{"line":128,"column":5}},"line":120},"15":{"name":"(anonymous_15)","decl":{"start":{"line":130,"column":4},"end":{"line":130,"column":5}},"loc":{"start":{"line":130,"column":26},"end":{"line":141,"column":5}},"line":130},"16":{"name":"(anonymous_16)","decl":{"start":{"line":143,"column":12},"end":{"line":143,"column":13}},"loc":{"start":{"line":143,"column":32},"end":{"line":149,"column":5}},"line":143},"17":{"name":"(anonymous_17)","decl":{"start":{"line":151,"column":13},"end":{"line":151,"column":14}},"loc":{"start":{"line":151,"column":33},"end":{"line":153,"column":5}},"line":151},"18":{"name":"(anonymous_18)","decl":{"start":{"line":155,"column":25},"end":{"line":155,"column":26}},"loc":{"start":{"line":155,"column":40},"end":{"line":157,"column":5}},"line":155}},"branchMap":{"0":{"loc":{"start":{"line":35,"column":13},"end":{"line":35,"column":32}},"type":"default-arg","locations":[{"start":{"line":35,"column":28},"end":{"line":35,"column":32}}],"line":35},"1":{"loc":{"start":{"line":36,"column":8},"end":{"line":40,"column":9}},"type":"if","locations":[{"start":{"line":36,"column":8},"end":{"line":40,"column":9}},{"start":{},"end":{}}],"line":36},"2":{"loc":{"start":{"line":53,"column":8},"end":{"line":59,"column":9}},"type":"if","locations":[{"start":{"line":53,"column":8},"end":{"line":59,"column":9}},{"start":{},"end":{}}],"line":53},"3":{"loc":{"start":{"line":62,"column":24},"end":{"line":62,"column":46}},"type":"default-arg","locations":[{"start":{"line":62,"column":31},"end":{"line":62,"column":46}}],"line":62},"4":{"loc":{"start":{"line":98,"column":8},"end":{"line":100,"column":9}},"type":"if","locations":[{"start":{"line":98,"column":8},"end":{"line":100,"column":9}},{"start":{},"end":{}}],"line":98},"5":{"loc":{"start":{"line":114,"column":8},"end":{"line":117,"column":9}},"type":"if","locations":[{"start":{"line":114,"column":8},"end":{"line":117,"column":9}},{"start":{},"end":{}}],"line":114},"6":{"loc":{"start":{"line":125,"column":8},"end":{"line":127,"column":9}},"type":"if","locations":[{"start":{"line":125,"column":8},"end":{"line":127,"column":9}},{"start":{},"end":{}}],"line":125},"7":{"loc":{"start":{"line":133,"column":8},"end":{"line":135,"column":9}},"type":"if","locations":[{"start":{"line":133,"column":8},"end":{"line":135,"column":9}},{"start":{},"end":{}}],"line":133},"8":{"loc":{"start":{"line":138,"column":8},"end":{"line":140,"column":9}},"type":"if","locations":[{"start":{"line":138,"column":8},"end":{"line":140,"column":9}},{"start":{},"end":{}}],"line":138},"9":{"loc":{"start":{"line":144,"column":8},"end":{"line":148,"column":9}},"type":"if","locations":[{"start":{"line":144,"column":8},"end":{"line":148,"column":9}},{"start":{"line":146,"column":15},"end":{"line":148,"column":9}}],"line":144}},"s":{"0":3,"1":3,"2":3,"3":59,"4":0,"5":1,"6":1,"7":1,"8":1,"9":0,"10":0,"11":3,"12":3,"13":3,"14":3,"15":0,"16":3,"17":3,"18":3,"19":3,"20":3,"21":3,"22":0,"23":0,"24":0,"25":10,"26":10,"27":0,"28":0,"29":0,"30":3,"31":0,"32":3,"33":3,"34":3,"35":8,"36":2,"37":2,"38":2,"39":2,"40":0,"41":0,"42":0,"43":0,"44":2,"45":2,"46":0,"47":2,"48":2,"49":1,"50":6,"51":1,"52":5,"53":0,"54":0},"f":{"0":59,"1":0,"2":1,"3":3,"4":3,"5":0,"6":0,"7":0,"8":10,"9":0,"10":0,"11":3,"12":8,"13":2,"14":0,"15":2,"16":6,"17":0,"18":0},"b":{"0":[0],"1":[1,0],"2":[0,3],"3":[0],"4":[0,3],"5":[2,0],"6":[0,0],"7":[0,2],"8":[1,1],"9":[1,5]},"_coverageSchema":"1a1c01bbd47fc00a2c39e90264f33305004495a9","hash":"6c0f3d52b4ca942763084ded08119553626d95a9"}
,"/Users/gink/projects/red-tetris/src/client/models/gameList.js": {"path":"/Users/gink/projects/red-tetris/src/client/models/gameList.js","statementMap":{"0":{"start":{"line":8,"column":22},"end":{"line":36,"column":1}},"1":{"start":{"line":10,"column":8},"end":{"line":12,"column":55}},"2":{"start":{"line":11,"column":29},"end":{"line":11,"column":61}},"3":{"start":{"line":12,"column":25},"end":{"line":12,"column":53}},"4":{"start":{"line":16,"column":8},"end":{"line":16,"column":38}},"5":{"start":{"line":20,"column":8},"end":{"line":20,"column":41}},"6":{"start":{"line":24,"column":8},"end":{"line":24,"column":77}},"7":{"start":{"line":25,"column":8},"end":{"line":25,"column":81}},"8":{"start":{"line":26,"column":8},"end":{"line":26,"column":79}},"9":{"start":{"line":27,"column":8},"end":{"line":27,"column":77}},"10":{"start":{"line":31,"column":8},"end":{"line":31,"column":89}},"11":{"start":{"line":32,"column":8},"end":{"line":32,"column":93}},"12":{"start":{"line":33,"column":8},"end":{"line":33,"column":91}},"13":{"start":{"line":34,"column":8},"end":{"line":34,"column":89}}},"fnMap":{"0":{"name":"(anonymous_0)","decl":{"start":{"line":9,"column":42},"end":{"line":9,"column":43}},"loc":{"start":{"line":9,"column":59},"end":{"line":13,"column":5}},"line":9},"1":{"name":"(anonymous_1)","decl":{"start":{"line":11,"column":18},"end":{"line":11,"column":19}},"loc":{"start":{"line":11,"column":29},"end":{"line":11,"column":61}},"line":11},"2":{"name":"(anonymous_2)","decl":{"start":{"line":12,"column":19},"end":{"line":12,"column":20}},"loc":{"start":{"line":12,"column":25},"end":{"line":12,"column":53}},"line":12},"3":{"name":"(anonymous_3)","decl":{"start":{"line":15,"column":14},"end":{"line":15,"column":15}},"loc":{"start":{"line":15,"column":42},"end":{"line":17,"column":5}},"line":15},"4":{"name":"(anonymous_4)","decl":{"start":{"line":19,"column":17},"end":{"line":19,"column":18}},"loc":{"start":{"line":19,"column":45},"end":{"line":21,"column":5}},"line":19},"5":{"name":"(anonymous_5)","decl":{"start":{"line":23,"column":19},"end":{"line":23,"column":20}},"loc":{"start":{"line":23,"column":25},"end":{"line":28,"column":5}},"line":23},"6":{"name":"(anonymous_6)","decl":{"start":{"line":30,"column":27},"end":{"line":30,"column":28}},"loc":{"start":{"line":30,"column":33},"end":{"line":35,"column":5}},"line":30}},"branchMap":{"0":{"loc":{"start":{"line":15,"column":21},"end":{"line":15,"column":37}},"type":"default-arg","locations":[{"start":{"line":15,"column":29},"end":{"line":15,"column":37}}],"line":15},"1":{"loc":{"start":{"line":19,"column":24},"end":{"line":19,"column":40}},"type":"default-arg","locations":[{"start":{"line":19,"column":32},"end":{"line":19,"column":40}}],"line":19}},"s":{"0":3,"1":7,"2":0,"3":0,"4":5,"5":6,"6":7,"7":7,"8":7,"9":7,"10":7,"11":7,"12":7,"13":7},"f":{"0":7,"1":0,"2":0,"3":5,"4":6,"5":7,"6":7},"b":{"0":[5],"1":[6]},"_coverageSchema":"1a1c01bbd47fc00a2c39e90264f33305004495a9","hash":"eca287d25197d0708de73b6d0185d1baf2f2452b"}
,"/Users/gink/projects/red-tetris/src/client/models/tetramino.js": {"path":"/Users/gink/projects/red-tetris/src/client/models/tetramino.js","statementMap":{"0":{"start":{"line":10,"column":26},"end":{"line":21,"column":1}},"1":{"start":{"line":23,"column":23},"end":{"line":137,"column":1}},"2":{"start":{"line":27,"column":8},"end":{"line":27,"column":98}},"3":{"start":{"line":31,"column":26},"end":{"line":35,"column":9}},"4":{"start":{"line":36,"column":28},"end":{"line":36,"column":68}},"5":{"start":{"line":38,"column":8},"end":{"line":38,"column":52}},"6":{"start":{"line":39,"column":8},"end":{"line":39,"column":25}},"7":{"start":{"line":43,"column":20},"end":{"line":43,"column":22}},"8":{"start":{"line":44,"column":28},"end":{"line":44,"column":93}},"9":{"start":{"line":46,"column":8},"end":{"line":51,"column":9}},"10":{"start":{"line":47,"column":12},"end":{"line":50,"column":15}},"11":{"start":{"line":52,"column":8},"end":{"line":52,"column":19}},"12":{"start":{"line":56,"column":8},"end":{"line":58,"column":9}},"13":{"start":{"line":57,"column":12},"end":{"line":57,"column":25}},"14":{"start":{"line":60,"column":8},"end":{"line":62,"column":10}},"15":{"start":{"line":61,"column":12},"end":{"line":61,"column":64}},"16":{"start":{"line":66,"column":8},"end":{"line":66,"column":103}},"17":{"start":{"line":70,"column":8},"end":{"line":73,"column":11}},"18":{"start":{"line":77,"column":8},"end":{"line":80,"column":11}},"19":{"start":{"line":84,"column":8},"end":{"line":84,"column":55}},"20":{"start":{"line":88,"column":27},"end":{"line":88,"column":66}},"21":{"start":{"line":90,"column":8},"end":{"line":93,"column":11}},"22":{"start":{"line":97,"column":8},"end":{"line":97,"column":85}},"23":{"start":{"line":101,"column":8},"end":{"line":103,"column":30}},"24":{"start":{"line":102,"column":12},"end":{"line":102,"column":49}},"25":{"start":{"line":107,"column":8},"end":{"line":109,"column":35}},"26":{"start":{"line":108,"column":12},"end":{"line":108,"column":49}},"27":{"start":{"line":113,"column":8},"end":{"line":115,"column":35}},"28":{"start":{"line":114,"column":12},"end":{"line":114,"column":45}},"29":{"start":{"line":119,"column":8},"end":{"line":121,"column":30}},"30":{"start":{"line":120,"column":12},"end":{"line":120,"column":45}},"31":{"start":{"line":125,"column":8},"end":{"line":125,"column":68}},"32":{"start":{"line":129,"column":8},"end":{"line":129,"column":86}},"33":{"start":{"line":133,"column":8},"end":{"line":135,"column":10}},"34":{"start":{"line":134,"column":12},"end":{"line":134,"column":66}}},"fnMap":{"0":{"name":"(anonymous_0)","decl":{"start":{"line":26,"column":4},"end":{"line":26,"column":5}},"loc":{"start":{"line":26,"column":26},"end":{"line":28,"column":5}},"line":26},"1":{"name":"(anonymous_1)","decl":{"start":{"line":30,"column":14},"end":{"line":30,"column":15}},"loc":{"start":{"line":30,"column":20},"end":{"line":40,"column":5}},"line":30},"2":{"name":"(anonymous_2)","decl":{"start":{"line":42,"column":14},"end":{"line":42,"column":15}},"loc":{"start":{"line":42,"column":29},"end":{"line":53,"column":5}},"line":42},"3":{"name":"(anonymous_3)","decl":{"start":{"line":55,"column":21},"end":{"line":55,"column":22}},"loc":{"start":{"line":55,"column":58},"end":{"line":63,"column":5}},"line":55},"4":{"name":"(anonymous_4)","decl":{"start":{"line":60,"column":55},"end":{"line":60,"column":56}},"loc":{"start":{"line":61,"column":12},"end":{"line":61,"column":64}},"line":61},"5":{"name":"(anonymous_5)","decl":{"start":{"line":65,"column":19},"end":{"line":65,"column":20}},"loc":{"start":{"line":65,"column":34},"end":{"line":67,"column":5}},"line":65},"6":{"name":"(anonymous_6)","decl":{"start":{"line":69,"column":14},"end":{"line":69,"column":15}},"loc":{"start":{"line":69,"column":29},"end":{"line":74,"column":5}},"line":69},"7":{"name":"(anonymous_7)","decl":{"start":{"line":76,"column":15},"end":{"line":76,"column":16}},"loc":{"start":{"line":76,"column":30},"end":{"line":81,"column":5}},"line":76},"8":{"name":"(anonymous_8)","decl":{"start":{"line":83,"column":16},"end":{"line":83,"column":17}},"loc":{"start":{"line":83,"column":31},"end":{"line":85,"column":5}},"line":83},"9":{"name":"(anonymous_9)","decl":{"start":{"line":87,"column":16},"end":{"line":87,"column":17}},"loc":{"start":{"line":87,"column":41},"end":{"line":94,"column":5}},"line":87},"10":{"name":"(anonymous_10)","decl":{"start":{"line":96,"column":12},"end":{"line":96,"column":13}},"loc":{"start":{"line":96,"column":27},"end":{"line":98,"column":5}},"line":96},"11":{"name":"(anonymous_11)","decl":{"start":{"line":100,"column":21},"end":{"line":100,"column":22}},"loc":{"start":{"line":100,"column":36},"end":{"line":104,"column":5}},"line":100},"12":{"name":"(anonymous_12)","decl":{"start":{"line":101,"column":57},"end":{"line":101,"column":58}},"loc":{"start":{"line":102,"column":12},"end":{"line":102,"column":49}},"line":102},"13":{"name":"(anonymous_13)","decl":{"start":{"line":106,"column":22},"end":{"line":106,"column":23}},"loc":{"start":{"line":106,"column":37},"end":{"line":110,"column":5}},"line":106},"14":{"name":"(anonymous_14)","decl":{"start":{"line":107,"column":57},"end":{"line":107,"column":58}},"loc":{"start":{"line":108,"column":12},"end":{"line":108,"column":49}},"line":108},"15":{"name":"(anonymous_15)","decl":{"start":{"line":112,"column":19},"end":{"line":112,"column":20}},"loc":{"start":{"line":112,"column":34},"end":{"line":116,"column":5}},"line":112},"16":{"name":"(anonymous_16)","decl":{"start":{"line":113,"column":57},"end":{"line":113,"column":58}},"loc":{"start":{"line":114,"column":12},"end":{"line":114,"column":45}},"line":114},"17":{"name":"(anonymous_17)","decl":{"start":{"line":118,"column":20},"end":{"line":118,"column":21}},"loc":{"start":{"line":118,"column":35},"end":{"line":122,"column":5}},"line":118},"18":{"name":"(anonymous_18)","decl":{"start":{"line":119,"column":57},"end":{"line":119,"column":58}},"loc":{"start":{"line":120,"column":12},"end":{"line":120,"column":45}},"line":120},"19":{"name":"(anonymous_19)","decl":{"start":{"line":124,"column":21},"end":{"line":124,"column":22}},"loc":{"start":{"line":124,"column":36},"end":{"line":126,"column":5}},"line":124},"20":{"name":"(anonymous_20)","decl":{"start":{"line":128,"column":22},"end":{"line":128,"column":23}},"loc":{"start":{"line":128,"column":37},"end":{"line":130,"column":5}},"line":128},"21":{"name":"(anonymous_21)","decl":{"start":{"line":132,"column":20},"end":{"line":132,"column":21}},"loc":{"start":{"line":132,"column":42},"end":{"line":136,"column":5}},"line":132},"22":{"name":"(anonymous_22)","decl":{"start":{"line":133,"column":55},"end":{"line":133,"column":56}},"loc":{"start":{"line":134,"column":12},"end":{"line":134,"column":66}},"line":134}},"branchMap":{"0":{"loc":{"start":{"line":27,"column":39},"end":{"line":27,"column":97}},"type":"cond-expr","locations":[{"start":{"line":27,"column":86},"end":{"line":27,"column":90}},{"start":{"line":27,"column":93},"end":{"line":27,"column":97}}],"line":27},"1":{"loc":{"start":{"line":32,"column":18},"end":{"line":32,"column":93}},"type":"binary-expr","locations":[{"start":{"line":32,"column":18},"end":{"line":32,"column":46}},{"start":{"line":32,"column":50},"end":{"line":32,"column":93}}],"line":32},"2":{"loc":{"start":{"line":56,"column":8},"end":{"line":58,"column":9}},"type":"if","locations":[{"start":{"line":56,"column":8},"end":{"line":58,"column":9}},{"start":{},"end":{}}],"line":56},"3":{"loc":{"start":{"line":61,"column":12},"end":{"line":61,"column":64}},"type":"binary-expr","locations":[{"start":{"line":61,"column":12},"end":{"line":61,"column":38}},{"start":{"line":61,"column":42},"end":{"line":61,"column":64}}],"line":61},"4":{"loc":{"start":{"line":102,"column":12},"end":{"line":102,"column":49}},"type":"cond-expr","locations":[{"start":{"line":102,"column":39},"end":{"line":102,"column":43}},{"start":{"line":102,"column":46},"end":{"line":102,"column":49}}],"line":102},"5":{"loc":{"start":{"line":108,"column":12},"end":{"line":108,"column":49}},"type":"cond-expr","locations":[{"start":{"line":108,"column":39},"end":{"line":108,"column":42}},{"start":{"line":108,"column":45},"end":{"line":108,"column":49}}],"line":108},"6":{"loc":{"start":{"line":114,"column":12},"end":{"line":114,"column":45}},"type":"cond-expr","locations":[{"start":{"line":114,"column":35},"end":{"line":114,"column":38}},{"start":{"line":114,"column":41},"end":{"line":114,"column":45}}],"line":114},"7":{"loc":{"start":{"line":120,"column":12},"end":{"line":120,"column":45}},"type":"cond-expr","locations":[{"start":{"line":120,"column":35},"end":{"line":120,"column":39}},{"start":{"line":120,"column":42},"end":{"line":120,"column":45}}],"line":120}},"s":{"0":3,"1":3,"2":10,"3":12,"4":12,"5":12,"6":12,"7":8305,"8":8305,"9":8305,"10":33220,"11":8305,"12":17417,"13":9201,"14":8216,"15":32443,"16":4,"17":5,"18":9,"19":1,"20":8,"21":8,"22":2,"23":4,"24":16,"25":2,"26":8,"27":9,"28":36,"29":16,"30":64,"31":3,"32":2,"33":2,"34":8},"f":{"0":10,"1":12,"2":8305,"3":17417,"4":32443,"5":4,"6":5,"7":9,"8":1,"9":8,"10":2,"11":4,"12":16,"13":2,"14":8,"15":9,"16":36,"17":16,"18":64,"19":3,"20":2,"21":2,"22":8},"b":{"0":[5,5],"1":[12,0],"2":[9201,8216],"3":[32443,3401],"4":[8,8],"5":[2,6],"6":[14,22],"7":[31,33]},"_coverageSchema":"1a1c01bbd47fc00a2c39e90264f33305004495a9","hash":"d3f2c3f83f89a3dd9a4114f58e45c1c7c08e0c01"}
,"/Users/gink/projects/red-tetris/src/client/services/fetch.js": {"path":"/Users/gink/projects/red-tetris/src/client/services/fetch.js","statementMap":{"0":{"start":{"line":4,"column":0},"end":{"line":31,"column":1}},"1":{"start":{"line":9,"column":1},"end":{"line":30,"column":4}},"2":{"start":{"line":19,"column":2},"end":{"line":21,"column":3}},"3":{"start":{"line":20,"column":3},"end":{"line":20,"column":44}},"4":{"start":{"line":23,"column":17},"end":{"line":23,"column":79}},"5":{"start":{"line":25,"column":2},"end":{"line":25,"column":44}},"6":{"start":{"line":27,"column":2},"end":{"line":29,"column":3}},"7":{"start":{"line":28,"column":3},"end":{"line":28,"column":13}}},"fnMap":{"0":{"name":"(anonymous_0)","decl":{"start":{"line":4,"column":0},"end":{"line":4,"column":1}},"loc":{"start":{"line":8,"column":5},"end":{"line":31,"column":1}},"line":8},"1":{"name":"(anonymous_1)","decl":{"start":{"line":18,"column":8},"end":{"line":18,"column":9}},"loc":{"start":{"line":18,"column":18},"end":{"line":26,"column":2}},"line":18},"2":{"name":"(anonymous_2)","decl":{"start":{"line":26,"column":10},"end":{"line":26,"column":11}},"loc":{"start":{"line":26,"column":19},"end":{"line":30,"column":2}},"line":26}},"branchMap":{"0":{"loc":{"start":{"line":6,"column":1},"end":{"line":6,"column":15}},"type":"default-arg","locations":[{"start":{"line":6,"column":10},"end":{"line":6,"column":15}}],"line":6},"1":{"loc":{"start":{"line":16,"column":9},"end":{"line":16,"column":55}},"type":"binary-expr","locations":[{"start":{"line":16,"column":9},"end":{"line":16,"column":22}},{"start":{"line":16,"column":26},"end":{"line":16,"column":55}}],"line":16},"2":{"loc":{"start":{"line":19,"column":2},"end":{"line":21,"column":3}},"type":"if","locations":[{"start":{"line":19,"column":2},"end":{"line":21,"column":3}},{"start":{},"end":{}}],"line":19},"3":{"loc":{"start":{"line":25,"column":9},"end":{"line":25,"column":43}},"type":"cond-expr","locations":[{"start":{"line":25,"column":18},"end":{"line":25,"column":29}},{"start":{"line":25,"column":32},"end":{"line":25,"column":43}}],"line":25},"4":{"loc":{"start":{"line":27,"column":2},"end":{"line":29,"column":3}},"type":"if","locations":[{"start":{"line":27,"column":2},"end":{"line":29,"column":3}},{"start":{},"end":{}}],"line":27}},"s":{"0":3,"1":7,"2":0,"3":0,"4":0,"5":0,"6":0,"7":0},"f":{"0":7,"1":0,"2":0},"b":{"0":[0],"1":[0,0],"2":[0,0],"3":[0,0],"4":[0,0]},"_coverageSchema":"1a1c01bbd47fc00a2c39e90264f33305004495a9","hash":"cda26c55cfad7e7e542a8fe71c19cbe7a9afbbfc"}
,"/Users/gink/projects/red-tetris/src/client/services/sessionStorageService.js": {"path":"/Users/gink/projects/red-tetris/src/client/services/sessionStorageService.js","statementMap":{"0":{"start":{"line":3,"column":15},"end":{"line":5,"column":1}},"1":{"start":{"line":7,"column":16},"end":{"line":11,"column":1}},"2":{"start":{"line":8,"column":20},"end":{"line":8,"column":74}},"3":{"start":{"line":10,"column":4},"end":{"line":10,"column":41}},"4":{"start":{"line":13,"column":30},"end":{"line":21,"column":1}},"5":{"start":{"line":15,"column":8},"end":{"line":15,"column":39}},"6":{"start":{"line":19,"column":8},"end":{"line":19,"column":63}}},"fnMap":{"0":{"name":"(anonymous_0)","decl":{"start":{"line":7,"column":16},"end":{"line":7,"column":17}},"loc":{"start":{"line":7,"column":31},"end":{"line":11,"column":1}},"line":7},"1":{"name":"(anonymous_1)","decl":{"start":{"line":14,"column":18},"end":{"line":14,"column":19}},"loc":{"start":{"line":14,"column":37},"end":{"line":16,"column":5}},"line":14},"2":{"name":"(anonymous_2)","decl":{"start":{"line":18,"column":18},"end":{"line":18,"column":19}},"loc":{"start":{"line":18,"column":24},"end":{"line":20,"column":5}},"line":18}},"branchMap":{"0":{"loc":{"start":{"line":8,"column":20},"end":{"line":8,"column":74}},"type":"cond-expr","locations":[{"start":{"line":8,"column":47},"end":{"line":8,"column":51}},{"start":{"line":8,"column":54},"end":{"line":8,"column":74}}],"line":8},"1":{"loc":{"start":{"line":14,"column":19},"end":{"line":14,"column":32}},"type":"default-arg","locations":[{"start":{"line":14,"column":24},"end":{"line":14,"column":32}}],"line":14},"2":{"loc":{"start":{"line":19,"column":15},"end":{"line":19,"column":62}},"type":"binary-expr","locations":[{"start":{"line":19,"column":15},"end":{"line":19,"column":56}},{"start":{"line":19,"column":60},"end":{"line":19,"column":62}}],"line":19}},"s":{"0":4,"1":4,"2":7,"3":7,"4":4,"5":7,"6":50028},"f":{"0":7,"1":7,"2":50028},"b":{"0":[7,0],"1":[7],"2":[50028,802]},"_coverageSchema":"1a1c01bbd47fc00a2c39e90264f33305004495a9","hash":"11cfae715bfa1ffc29dbf0800018576101d8383a"}
,"/Users/gink/projects/red-tetris/src/client/store/index.js": {"path":"/Users/gink/projects/red-tetris/src/client/store/index.js","statementMap":{"0":{"start":{"line":6,"column":26},"end":{"line":15,"column":1}},"1":{"start":{"line":7,"column":4},"end":{"line":14,"column":7}},"2":{"start":{"line":17,"column":14},"end":{"line":17,"column":26}}},"fnMap":{"0":{"name":"(anonymous_0)","decl":{"start":{"line":6,"column":26},"end":{"line":6,"column":27}},"loc":{"start":{"line":6,"column":44},"end":{"line":15,"column":1}},"line":6}},"branchMap":{},"s":{"0":3,"1":18,"2":3},"f":{"0":18},"b":{},"_coverageSchema":"1a1c01bbd47fc00a2c39e90264f33305004495a9","hash":"345393591e8ad2d16ba60cb13bad570fddc639d0"}
,"/Users/gink/projects/red-tetris/src/client/store/selectors/game.js": {"path":"/Users/gink/projects/red-tetris/src/client/store/selectors/game.js","statementMap":{"0":{"start":{"line":4,"column":26},"end":{"line":4,"column":47}},"1":{"start":{"line":4,"column":37},"end":{"line":4,"column":47}},"2":{"start":{"line":5,"column":38},"end":{"line":5,"column":83}},"3":{"start":{"line":5,"column":49},"end":{"line":5,"column":83}},"4":{"start":{"line":7,"column":36},"end":{"line":7,"column":79}},"5":{"start":{"line":7,"column":47},"end":{"line":7,"column":79}},"6":{"start":{"line":9,"column":27},"end":{"line":9,"column":61}},"7":{"start":{"line":9,"column":38},"end":{"line":9,"column":61}},"8":{"start":{"line":11,"column":29},"end":{"line":11,"column":72}},"9":{"start":{"line":11,"column":38},"end":{"line":11,"column":72}},"10":{"start":{"line":11,"column":49},"end":{"line":11,"column":72}},"11":{"start":{"line":13,"column":29},"end":{"line":13,"column":92}},"12":{"start":{"line":13,"column":47},"end":{"line":13,"column":92}},"13":{"start":{"line":13,"column":58},"end":{"line":13,"column":92}},"14":{"start":{"line":15,"column":32},"end":{"line":15,"column":67}},"15":{"start":{"line":15,"column":43},"end":{"line":15,"column":67}},"16":{"start":{"line":17,"column":35},"end":{"line":17,"column":73}},"17":{"start":{"line":17,"column":46},"end":{"line":17,"column":73}},"18":{"start":{"line":19,"column":28},"end":{"line":19,"column":59}},"19":{"start":{"line":19,"column":39},"end":{"line":19,"column":59}},"20":{"start":{"line":21,"column":30},"end":{"line":21,"column":63}},"21":{"start":{"line":21,"column":41},"end":{"line":21,"column":63}},"22":{"start":{"line":23,"column":35},"end":{"line":31,"column":1}},"23":{"start":{"line":24,"column":17},"end":{"line":24,"column":38}},"24":{"start":{"line":25,"column":26},"end":{"line":25,"column":52}},"25":{"start":{"line":27,"column":4},"end":{"line":29,"column":5}},"26":{"start":{"line":28,"column":8},"end":{"line":28,"column":36}},"27":{"start":{"line":30,"column":4},"end":{"line":30,"column":79}},"28":{"start":{"line":33,"column":37},"end":{"line":33,"column":81}},"29":{"start":{"line":33,"column":48},"end":{"line":33,"column":81}},"30":{"start":{"line":35,"column":29},"end":{"line":35,"column":65}},"31":{"start":{"line":35,"column":40},"end":{"line":35,"column":65}},"32":{"start":{"line":37,"column":39},"end":{"line":37,"column":115}},"33":{"start":{"line":37,"column":50},"end":{"line":37,"column":115}}},"fnMap":{"0":{"name":"(anonymous_0)","decl":{"start":{"line":4,"column":26},"end":{"line":4,"column":27}},"loc":{"start":{"line":4,"column":37},"end":{"line":4,"column":47}},"line":4},"1":{"name":"(anonymous_1)","decl":{"start":{"line":5,"column":38},"end":{"line":5,"column":39}},"loc":{"start":{"line":5,"column":49},"end":{"line":5,"column":83}},"line":5},"2":{"name":"(anonymous_2)","decl":{"start":{"line":7,"column":36},"end":{"line":7,"column":37}},"loc":{"start":{"line":7,"column":47},"end":{"line":7,"column":79}},"line":7},"3":{"name":"(anonymous_3)","decl":{"start":{"line":9,"column":27},"end":{"line":9,"column":28}},"loc":{"start":{"line":9,"column":38},"end":{"line":9,"column":61}},"line":9},"4":{"name":"(anonymous_4)","decl":{"start":{"line":11,"column":29},"end":{"line":11,"column":30}},"loc":{"start":{"line":11,"column":38},"end":{"line":11,"column":72}},"line":11},"5":{"name":"(anonymous_5)","decl":{"start":{"line":11,"column":38},"end":{"line":11,"column":39}},"loc":{"start":{"line":11,"column":49},"end":{"line":11,"column":72}},"line":11},"6":{"name":"(anonymous_6)","decl":{"start":{"line":13,"column":29},"end":{"line":13,"column":30}},"loc":{"start":{"line":13,"column":47},"end":{"line":13,"column":92}},"line":13},"7":{"name":"(anonymous_7)","decl":{"start":{"line":13,"column":47},"end":{"line":13,"column":48}},"loc":{"start":{"line":13,"column":58},"end":{"line":13,"column":92}},"line":13},"8":{"name":"(anonymous_8)","decl":{"start":{"line":15,"column":32},"end":{"line":15,"column":33}},"loc":{"start":{"line":15,"column":43},"end":{"line":15,"column":67}},"line":15},"9":{"name":"(anonymous_9)","decl":{"start":{"line":17,"column":35},"end":{"line":17,"column":36}},"loc":{"start":{"line":17,"column":46},"end":{"line":17,"column":73}},"line":17},"10":{"name":"(anonymous_10)","decl":{"start":{"line":19,"column":28},"end":{"line":19,"column":29}},"loc":{"start":{"line":19,"column":39},"end":{"line":19,"column":59}},"line":19},"11":{"name":"(anonymous_11)","decl":{"start":{"line":21,"column":30},"end":{"line":21,"column":31}},"loc":{"start":{"line":21,"column":41},"end":{"line":21,"column":63}},"line":21},"12":{"name":"(anonymous_12)","decl":{"start":{"line":23,"column":35},"end":{"line":23,"column":36}},"loc":{"start":{"line":23,"column":46},"end":{"line":31,"column":1}},"line":23},"13":{"name":"(anonymous_13)","decl":{"start":{"line":33,"column":37},"end":{"line":33,"column":38}},"loc":{"start":{"line":33,"column":48},"end":{"line":33,"column":81}},"line":33},"14":{"name":"(anonymous_14)","decl":{"start":{"line":35,"column":29},"end":{"line":35,"column":30}},"loc":{"start":{"line":35,"column":40},"end":{"line":35,"column":65}},"line":35},"15":{"name":"(anonymous_15)","decl":{"start":{"line":37,"column":39},"end":{"line":37,"column":40}},"loc":{"start":{"line":37,"column":50},"end":{"line":37,"column":115}},"line":37}},"branchMap":{"0":{"loc":{"start":{"line":27,"column":4},"end":{"line":29,"column":5}},"type":"if","locations":[{"start":{"line":27,"column":4},"end":{"line":29,"column":5}},{"start":{},"end":{}}],"line":27},"1":{"loc":{"start":{"line":30,"column":11},"end":{"line":30,"column":78}},"type":"cond-expr","locations":[{"start":{"line":30,"column":27},"end":{"line":30,"column":49}},{"start":{"line":30,"column":52},"end":{"line":30,"column":78}}],"line":30}},"s":{"0":3,"1":51030,"2":3,"3":25024,"4":3,"5":135,"6":3,"7":17240,"8":3,"9":0,"10":0,"11":3,"12":0,"13":0,"14":3,"15":133,"16":3,"17":546,"18":3,"19":4,"20":3,"21":329,"22":3,"23":94,"24":94,"25":94,"26":80,"27":14,"28":3,"29":7600,"30":3,"31":15,"32":3,"33":135},"f":{"0":51030,"1":25024,"2":135,"3":17240,"4":0,"5":0,"6":0,"7":0,"8":133,"9":546,"10":4,"11":329,"12":94,"13":7600,"14":15,"15":135},"b":{"0":[80,14],"1":[0,14]},"_coverageSchema":"1a1c01bbd47fc00a2c39e90264f33305004495a9","hash":"1283495b42a1d07f93a9bfc0fe25ac0ceb4c259d"}
,"/Users/gink/projects/red-tetris/src/client/store/selectors/gameList.js": {"path":"/Users/gink/projects/red-tetris/src/client/store/selectors/gameList.js","statementMap":{"0":{"start":{"line":1,"column":30},"end":{"line":1,"column":55}},"1":{"start":{"line":1,"column":41},"end":{"line":1,"column":55}},"2":{"start":{"line":2,"column":35},"end":{"line":2,"column":73}},"3":{"start":{"line":2,"column":46},"end":{"line":2,"column":73}}},"fnMap":{"0":{"name":"(anonymous_0)","decl":{"start":{"line":1,"column":30},"end":{"line":1,"column":31}},"loc":{"start":{"line":1,"column":41},"end":{"line":1,"column":55}},"line":1},"1":{"name":"(anonymous_1)","decl":{"start":{"line":2,"column":35},"end":{"line":2,"column":36}},"loc":{"start":{"line":2,"column":46},"end":{"line":2,"column":73}},"line":2}},"branchMap":{},"s":{"0":2,"1":80,"2":2,"3":80},"f":{"0":80,"1":80},"b":{},"_coverageSchema":"1a1c01bbd47fc00a2c39e90264f33305004495a9","hash":"14f9586e61a4210c902485473f16566e3a226b83"}
,"/Users/gink/projects/red-tetris/src/client/store/selectors/player.js": {"path":"/Users/gink/projects/red-tetris/src/client/store/selectors/player.js","statementMap":{"0":{"start":{"line":3,"column":28},"end":{"line":3,"column":51}},"1":{"start":{"line":3,"column":39},"end":{"line":3,"column":51}},"2":{"start":{"line":5,"column":36},"end":{"line":5,"column":113}},"3":{"start":{"line":5,"column":47},"end":{"line":5,"column":113}}},"fnMap":{"0":{"name":"(anonymous_0)","decl":{"start":{"line":3,"column":28},"end":{"line":3,"column":29}},"loc":{"start":{"line":3,"column":39},"end":{"line":3,"column":51}},"line":3},"1":{"name":"(anonymous_1)","decl":{"start":{"line":5,"column":36},"end":{"line":5,"column":37}},"loc":{"start":{"line":5,"column":47},"end":{"line":5,"column":113}},"line":5}},"branchMap":{"0":{"loc":{"start":{"line":5,"column":47},"end":{"line":5,"column":113}},"type":"cond-expr","locations":[{"start":{"line":5,"column":77},"end":{"line":5,"column":82}},{"start":{"line":5,"column":85},"end":{"line":5,"column":113}}],"line":5}},"s":{"0":2,"1":61,"2":2,"3":134},"f":{"0":61,"1":134},"b":{"0":[73,61]},"_coverageSchema":"1a1c01bbd47fc00a2c39e90264f33305004495a9","hash":"4a901e3590670eaa689a55b0b5ace1e1300e5367"}
,"/Users/gink/projects/red-tetris/src/client/store/slices/game.js": {"path":"/Users/gink/projects/red-tetris/src/client/store/slices/game.js","statementMap":{"0":{"start":{"line":7,"column":25},"end":{"line":20,"column":1}},"1":{"start":{"line":22,"column":17},"end":{"line":28,"column":1}},"2":{"start":{"line":23,"column":4},"end":{"line":23,"column":28}},"3":{"start":{"line":24,"column":4},"end":{"line":24,"column":24}},"4":{"start":{"line":25,"column":4},"end":{"line":25,"column":40}},"5":{"start":{"line":26,"column":4},"end":{"line":26,"column":31}},"6":{"start":{"line":27,"column":4},"end":{"line":27,"column":34}},"7":{"start":{"line":30,"column":27},"end":{"line":41,"column":1}},"8":{"start":{"line":31,"column":37},"end":{"line":31,"column":91}},"9":{"start":{"line":33,"column":4},"end":{"line":33,"column":24}},"10":{"start":{"line":34,"column":4},"end":{"line":34,"column":34}},"11":{"start":{"line":35,"column":4},"end":{"line":35,"column":75}},"12":{"start":{"line":37,"column":4},"end":{"line":40,"column":5}},"13":{"start":{"line":38,"column":8},"end":{"line":38,"column":24}},"14":{"start":{"line":39,"column":8},"end":{"line":39,"column":52}},"15":{"start":{"line":43,"column":13},"end":{"line":153,"column":2}},"16":{"start":{"line":48,"column":12},"end":{"line":48,"column":35}},"17":{"start":{"line":49,"column":12},"end":{"line":49,"column":33}},"18":{"start":{"line":50,"column":12},"end":{"line":50,"column":48}},"19":{"start":{"line":51,"column":12},"end":{"line":53,"column":77}},"20":{"start":{"line":52,"column":36},"end":{"line":52,"column":86}},"21":{"start":{"line":53,"column":34},"end":{"line":53,"column":74}},"22":{"start":{"line":57,"column":12},"end":{"line":57,"column":28}},"23":{"start":{"line":61,"column":12},"end":{"line":61,"column":29}},"24":{"start":{"line":65,"column":12},"end":{"line":65,"column":31}},"25":{"start":{"line":66,"column":12},"end":{"line":66,"column":45}},"26":{"start":{"line":67,"column":12},"end":{"line":67,"column":35}},"27":{"start":{"line":68,"column":12},"end":{"line":68,"column":41}},"28":{"start":{"line":72,"column":29},"end":{"line":74,"column":13}},"29":{"start":{"line":73,"column":16},"end":{"line":73,"column":47}},"30":{"start":{"line":76,"column":12},"end":{"line":78,"column":13}},"31":{"start":{"line":77,"column":16},"end":{"line":77,"column":99}},"32":{"start":{"line":82,"column":12},"end":{"line":82,"column":40}},"33":{"s
[...]
,"/Users/gink/projects/red-tetris/src/server/router/index.js": {"path":"/Users/gink/projects/red-tetris/src/server/router/index.js","statementMap":{"0":{"start":{"line":7,"column":30},"end":{"line":12,"column":1}},"1":{"start":{"line":22,"column":2},"end":{"line":27,"column":4}},"2":{"start":{"line":28,"column":2},"end":{"line":28,"column":24}},"3":{"start":{"line":30,"column":2},"end":{"line":39,"column":4}},"4":{"start":{"line":33,"column":4},"end":{"line":33,"column":38}},"5":{"start":{"line":35,"column":4},"end":{"line":37,"column":5}},"6":{"start":{"line":36,"column":5},"end":{"line":36,"column":15}},"7":{"start":{"line":43,"column":2},"end":{"line":43,"column":55}},"8":{"start":{"line":47,"column":2},"end":{"line":47,"column":56}},"9":{"start":{"line":51,"column":2},"end":{"line":51,"column":58}},"10":{"start":{"line":55,"column":2},"end":{"line":55,"column":58}},"11":{"start":{"line":59,"column":2},"end":{"line":59,"column":36}},"12":{"start":{"line":63,"column":2},"end":{"line":63,"column":46}},"13":{"start":{"line":67,"column":2},"end":{"line":69,"column":4}},"14":{"start":{"line":68,"column":3},"end":{"line":68,"column":28}},"15":{"start":{"line":73,"column":16},"end":{"line":73,"column":36}},"16":{"start":{"line":75,"column":2},"end":{"line":77,"column":3}},"17":{"start":{"line":76,"column":3},"end":{"line":76,"column":10}},"18":{"start":{"line":78,"column":2},"end":{"line":78,"column":55}},"19":{"start":{"line":80,"column":2},"end":{"line":80,"column":36}},"20":{"start":{"line":84,"column":36},"end":{"line":84,"column":38}},"21":{"start":{"line":86,"column":21},"end":{"line":89,"column":5}},"22":{"start":{"line":87,"column":4},"end":{"line":89,"column":4}},"23":{"start":{"line":91,"column":2},"end":{"line":101,"column":3}},"24":{"start":{"line":92,"column":3},"end":{"line":100,"column":4}},"25":{"start":{"line":92,"column":16},"end":{"line":92,"column":43}},"26":{"start":{"line":93,"column":15},"end":{"line":93,"column":34}},"27":{"start":{"line":95,"column":4},"end":{"line":99,"column":32}},"28":{"start":{"line":96,"column":5},"end":{"line":96,"column":24}},"29":{"start":{"line":98,"column":5},"end":{"line":98,"column":46}},"30":{"start":{"line":102,"column":2},"end":{"line":102,"column":24}},"31":{"start":{"line":106,"column":2},"end":{"line":106,"column":67}}},"fnMap":{"0":{"name":"(anonymous_0)","decl":{"start":{"line":21,"column":1},"end":{"line":21,"column":2}},"loc":{"start":{"line":21,"column":15},"end":{"line":40,"column":2}},"line":21},"1":{"name":"(anonymous_1)","decl":{"start":{"line":32,"column":3},"end":{"line":32,"column":4}},"loc":{"start":{"line":32,"column":23},"end":{"line":38,"column":4}},"line":32},"2":{"name":"(anonymous_2)","decl":{"start":{"line":42,"column":1},"end":{"line":42,"column":2}},"loc":{"start":{"line":42,"column":23},"end":{"line":44,"column":2}},"line":42},"3":{"name":"(anonymous_3)","decl":{"start":{"line":46,"column":1},"end":{"line":46,"column":2}},"loc":{"start":{"line":46,"column":24},"end":{"line":48,"column":2}},"line":46},"4":{"name":"(anonymous_4)","decl":{"start":{"line":50,"column":1},"end":{"line":50,"column":2}},"loc":{"start":{"line":50,"column":26},"end":{"line":52,"column":2}},"line":50},"5":{"name":"(anonymous_5)","decl":{"start":{"line":54,"column":1},"end":{"line":54,"column":2}},"loc":{"start":{"line":54,"column":26},"end":{"line":56,"column":2}},"line":54},"6":{"name":"(anonymous_6)","decl":{"start":{"line":58,"column":1},"end":{"line":58,"column":2}},"loc":{"start":{"line":58,"column":17},"end":{"line":60,"column":2}},"line":58},"7":{"name":"(anonymous_7)","decl":{"start":{"line":62,"column":1},"end":{"line":62,"column":2}},"loc":{"start":{"line":62,"column":26},"end":{"line":64,"column":2}},"line":62},"8":{"name":"(anonymous_8)","decl":{"start":{"line":66,"column":1},"end":{"line":66,"column":2}},"loc":{"start":{"line":66,"column":17},"end":{"line":70,"column":2}},"line":66},"9":{"name":"(anonymous_9)","decl":{"start":{"line":67,"column":46},"end":{"line":67,"column":47}},"loc":{"start":{"line":68,"column":3},"end":{"line":68,"column":28}},"line":68},"10":{"name":"(anonymous_10)","decl":{"start":{"line":72,"column":1},"end":{"line":72,"column":2}},"loc":{"start":{"line":72,"column":39},"end":{"line":81,"column":2}},"line":72},"11":{"name":"(anonymous_11)","decl":{"start":{"line":83,"column":1},"end":{"line":83,"column":2}},"loc":{"start":{"line":83,"column":24},"end":{"line":103,"column":2}},"line":83},"12":{"name":"(anonymous_12)","decl":{"start":{"line":86,"column":21},"end":{"line":86,"column":22}},"loc":{"start":{"line":87,"column":4},"end":{"line":89,"column":4}},"line":87},"13":{"name":"(anonymous_13)","decl":{"start":{"line":95,"column":20},"end":{"line":95,"column":21}},"loc":{"start":{"line":95,"column":30},"end":{"line":99,"column":5}},"line":95},"14":{"name":"(anonymous_14)","decl":{"start":{"line":105,"column":1},"end":{"line":105,"column":2}},"loc":{"start":{"line":105,"column":37},"end":{"line":107,"column":2}},"line":105}},"branchMap":{"0":{"loc":{"start":{"line":35,"column":4},"end":{"line":37,"column":5}},"type":"if","locations":[{"start":{"line":35,"column":4},"end":{"line":37,"column":5}},{"start":{},"end":{}}],"line":35},"1":{"loc":{"start":{"line":67,"column":10},"end":{"line":67,"column":39}},"type":"binary-expr","locations":[{"start":{"line":67,"column":10},"end":{"line":67,"column":33}},{"start":{"line":67,"column":37},"end":{"line":67,"column":39}}],"line":67},"2":{"loc":{"start":{"line":75,"column":2},"end":{"line":77,"column":3}},"type":"if","locations":[{"start":{"line":75,"column":2},"end":{"line":77,"column":3}},{"start":{},"end":{}}],"line":75},"3":{"loc":{"start":{"line":91,"column":2},"end":{"line":101,"column":3}},"type":"if","locations":[{"start":{"line":91,"column":2},"end":{"line":101,"column":3}},{"start":{},"end":{}}],"line":91}},"s":{"0":1,"1":1,"2":1,"3":1,"4":0,"5":0,"6":0,"7":2,"8":1,"9":1,"10":1,"11":1,"12":0,"13":2,"14":2,"15":2,"16":2,"17":0,"18":2,"19":2,"20":2,"21":2,"22":2,"23":2,"24":2,"25":2,"26":2,"27":2,"28":2,"29":2,"30":2,"31":5},"f":{"0":1,"1":0,"2":2,"3":1,"4":1,"5":1,"6":1,"7":0,"8":2,"9":2,"10":2,"11":2,"12":2,"13":2,"14":5},"b":{"0":[0,0],"1":[2,0],"2":[0,2],"3":[2,0]},"_coverageSchema":"1a1c01bbd47fc00a2c39e90264f33305004495a9","hash":"4804e40350a8e1db3b2e209041382617b7f650d5"}
,"/Users/gink/projects/red-tetris/src/server/router/request.js": {"path":"/Users/gink/projects/red-tetris/src/server/router/request.js","statementMap":{"0":{"start":{"line":7,"column":11},"end":{"line":7,"column":12}},"1":{"start":{"line":10,"column":2},"end":{"line":12,"column":3}},"2":{"start":{"line":11,"column":3},"end":{"line":11,"column":70}},"3":{"start":{"line":13,"column":2},"end":{"line":13,"column":25}},"4":{"start":{"line":17,"column":2},"end":{"line":19,"column":3}},"5":{"start":{"line":18,"column":3},"end":{"line":18,"column":47}},"6":{"start":{"line":20,"column":2},"end":{"line":20,"column":22}},"7":{"start":{"line":24,"column":2},"end":{"line":26,"column":3}},"8":{"start":{"line":25,"column":3},"end":{"line":25,"column":32}},"9":{"start":{"line":27,"column":2},"end":{"line":27,"column":20}},"10":{"start":{"line":31,"column":2},"end":{"line":31,"column":55}},"11":{"start":{"line":35,"column":2},"end":{"line":35,"column":24}},"12":{"start":{"line":40,"column":2},"end":{"line":40,"column":40}},"13":{"start":{"line":44,"column":2},"end":{"line":44,"column":36}},"14":{"start":{"line":49,"column":18},"end":{"line":49,"column":20}},"15":{"start":{"line":51,"column":2},"end":{"line":53,"column":3}},"16":{"start":{"line":52,"column":3},"end":{"line":52,"column":23}},"17":{"start":{"line":54,"column":2},"end":{"line":54,"column":32}},"18":{"start":{"line":58,"column":2},"end":{"line":58,"column":28}},"19":{"start":{"line":62,"column":2},"end":{"line":62,"column":22}}},"fnMap":{"0":{"name":"(anonymous_0)","decl":{"start":{"line":9,"column":1},"end":{"line":9,"column":2}},"loc":{"start":{"line":9,"column":17},"end":{"line":14,"column":2}},"line":9},"1":{"name":"(anonymous_1)","decl":{"start":{"line":16,"column":1},"end":{"line":16,"column":2}},"loc":{"start":{"line":16,"column":14},"end":{"line":21,"column":2}},"line":16},"2":{"name":"(anonymous_2)","decl":{"start":{"line":23,"column":1},"end":{"line":23,"column":2}},"loc":{"start":{"line":23,"column":11},"end":{"line":28,"column":2}},"line":23},"3":{"name":"(anonymous_3)","decl":{"start":{"line":30,"column":1},"end":{"line":30,"column":2}},"loc":{"start":{"line":30,"column":21},"end":{"line":32,"column":2}},"line":30},"4":{"name":"(anonymous_4)","decl":{"start":{"line":34,"column":1},"end":{"line":34,"column":2}},"loc":{"start":{"line":34,"column":11},"end":{"line":36,"column":2}},"line":34},"5":{"name":"(anonymous_5)","decl":{"start":{"line":39,"column":1},"end":{"line":39,"column":2}},"loc":{"start":{"line":39,"column":12},"end":{"line":41,"column":2}},"line":39},"6":{"name":"(anonymous_6)","decl":{"start":{"line":43,"column":1},"end":{"line":43,"column":2}},"loc":{"start":{"line":43,"column":12},"end":{"line":45,"column":2}},"line":43},"7":{"name":"(anonymous_7)","decl":{"start":{"line":48,"column":1},"end":{"line":48,"column":2}},"loc":{"start":{"line":48,"column":18},"end":{"line":55,"column":2}},"line":48},"8":{"name":"(anonymous_8)","decl":{"start":{"line":57,"column":1},"end":{"line":57,"column":2}},"loc":{"start":{"line":57,"column":15},"end":{"line":59,"column":2}},"line":57},"9":{"name":"(anonymous_9)","decl":{"start":{"line":61,"column":1},"end":{"line":61,"column":2}},"loc":{"start":{"line":61,"column":13},"end":{"line":63,"column":2}},"line":61},"10":{"name":"(anonymous_10)","decl":{"start":{"line":65,"column":1},"end":{"line":65,"column":2}},"loc":{"start":{"line":65,"column":11},"end":{"line":66,"column":2}},"line":65}},"branchMap":{"0":{"loc":{"start":{"line":10,"column":2},"end":{"line":12,"column":3}},"type":"if","locations":[{"start":{"line":10,"column":2},"end":{"line":12,"column":3}},{"start":{},"end":{}}],"line":10},"1":{"loc":{"start":{"line":17,"column":2},"end":{"line":19,"column":3}},"type":"if","locations":[{"start":{"line":17,"column":2},"end":{"line":19,"column":3}},{"start":{},"end":{}}],"line":17},"2":{"loc":{"start":{"line":24,"column":2},"end":{"line":26,"column":3}},"type":"if","locations":[{"start":{"line":24,"column":2},"end":{"line":26,"column":3}},{"start":{},"end":{}}],"line":24},"3":{"loc":{"start":{"line":40,"column":9},"end":{"line":40,"column":39}},"type":"binary-expr","locations":[{"start":{"line":40,"column":9},"end":{"line":40,"column":33}},{"start":{"line":40,"column":37},"end":{"line":40,"column":39}}],"line":40},"4":{"loc":{"start":{"line":44,"column":9},"end":{"line":44,"column":35}},"type":"binary-expr","locations":[{"start":{"line":44,"column":9},"end":{"line":44,"column":29}},{"start":{"line":44,"column":33},"end":{"line":44,"column":35}}],"line":44}},"s":{"0":0,"1":0,"2":0,"3":0,"4":0,"5":0,"6":0,"7":0,"8":0,"9":0,"10":0,"11":0,"12":0,"13":0,"14":0,"15":0,"16":0,"17":0,"18":0,"19":0},"f":{"0":0,"1":0,"2":0,"3":0,"4":0,"5":0,"6":0,"7":0,"8":0,"9":0,"10":0},"b":{"0":[0,0],"1":[0,0],"2":[0,0],"3":[0,0],"4":[0,0]},"_coverageSchema":"1a1c01bbd47fc00a2c39e90264f33305004495a9","hash":"aae76bfa900680520e3245e164778e17581df76c"}
,"/Users/gink/projects/red-tetris/src/server/router/response.js": {"path":"/Users/gink/projects/red-tetris/src/server/router/response.js","statementMap":{"0":{"start":{"line":5,"column":12},"end":{"line":5,"column":17}},"1":{"start":{"line":8,"column":2},"end":{"line":8,"column":23}},"2":{"start":{"line":12,"column":2},"end":{"line":12,"column":23}},"3":{"start":{"line":13,"column":2},"end":{"line":13,"column":40}},"4":{"start":{"line":17,"column":2},"end":{"line":17,"column":31}},"5":{"start":{"line":18,"column":2},"end":{"line":18,"column":26}},"6":{"start":{"line":22,"column":2},"end":{"line":22,"column":53}},"7":{"start":{"line":23,"column":2},"end":{"line":23,"column":46}},"8":{"start":{"line":31,"column":2},"end":{"line":31,"column":39}},"9":{"start":{"line":32,"column":2},"end":{"line":32,"column":29}},"10":{"start":{"line":39,"column":2},"end":{"line":39,"column":29}}},"fnMap":{"0":{"name":"(anonymous_0)","decl":{"start":{"line":7,"column":1},"end":{"line":7,"column":2}},"loc":{"start":{"line":7,"column":11},"end":{"line":9,"column":2}},"line":7},"1":{"name":"(anonymous_1)","decl":{"start":{"line":11,"column":1},"end":{"line":11,"column":2}},"loc":{"start":{"line":11,"column":26},"end":{"line":14,"column":2}},"line":11},"2":{"name":"(anonymous_2)","decl":{"start":{"line":16,"column":1},"end":{"line":16,"column":2}},"loc":{"start":{"line":16,"column":53},"end":{"line":19,"column":2}},"line":16},"3":{"name":"(anonymous_3)","decl":{"start":{"line":21,"column":1},"end":{"line":21,"column":2}},"loc":{"start":{"line":21,"column":48},"end":{"line":24,"column":2}},"line":21},"4":{"name":"(anonymous_4)","decl":{"start":{"line":26,"column":1},"end":{"line":26,"column":2}},"loc":{"start":{"line":30,"column":3},"end":{"line":33,"column":2}},"line":30},"5":{"name":"(anonymous_5)","decl":{"start":{"line":35,"column":1},"end":{"line":35,"column":2}},"loc":{"start":{"line":38,"column":3},"end":{"line":40,"column":2}},"line":38}},"branchMap":{"0":{"loc":{"start":{"line":16,"column":11},"end":{"line":16,"column":41}},"type":"default-arg","locations":[{"start":{"line":16,"column":24},"end":{"line":16,"column":41}}],"line":16},"1":{"loc":{"start":{"line":21,"column":16},"end":{"line":21,"column":46}},"type":"default-arg","locations":[{"start":{"line":21,"column":29},"end":{"line":21,"column":46}}],"line":21},"2":{"loc":{"start":{"line":28,"column":2},"end":{"line":28,"column":27}},"type":"default-arg","locations":[{"start":{"line":28,"column":8},"end":{"line":28,"column":27}}],"line":28},"3":{"loc":{"start":{"line":29,"column":2},"end":{"line":29,"column":48}},"type":"default-arg","locations":[{"start":{"line":29,"column":15},"end":{"line":29,"column":48}}],"line":29},"4":{"loc":{"start":{"line":36,"column":2},"end":{"line":36,"column":31}},"type":"default-arg","locations":[{"start":{"line":36,"column":8},"end":{"line":36,"column":31}}],"line":36},"5":{"loc":{"start":{"line":37,"column":2},"end":{"line":37,"column":51}},"type":"default-arg","locations":[{"start":{"line":37,"column":15},"end":{"line":37,"column":51}}],"line":37}},"s":{"0":0,"1":0,"2":0,"3":0,"4":0,"5":0,"6":0,"7":0,"8":0,"9":0,"10":0},"f":{"0":0,"1":0,"2":0,"3":0,"4":0,"5":0},"b":{"0":[0],"1":[0],"2":[0],"3":[0],"4":[0],"5":[0]},"_coverageSchema":"1a1c01bbd47fc00a2c39e90264f33305004495a9","hash":"668db35baeedbc6329d3795e3d6ade837c7d372c"}
,"/Users/gink/projects/red-tetris/src/server/router/routeParams.js": {"path":"/Users/gink/projects/red-tetris/src/server/router/routeParams.js","statementMap":{"0":{"start":{"line":2,"column":25},"end":{"line":2,"column":27}},"1":{"start":{"line":5,"column":27},"end":{"line":5,"column":54}},"2":{"start":{"line":7,"column":8},"end":{"line":7,"column":28}},"3":{"start":{"line":11,"column":8},"end":{"line":11,"column":40}},"4":{"start":{"line":15,"column":8},"end":{"line":15,"column":38}},"5":{"start":{"line":19,"column":8},"end":{"line":19,"column":39}},"6":{"start":{"line":23,"column":8},"end":{"line":23,"column":37}}},"fnMap":{"0":{"name":"(anonymous_0)","decl":{"start":{"line":4,"column":4},"end":{"line":4,"column":5}},"loc":{"start":{"line":4,"column":55},"end":{"line":8,"column":5}},"line":4},"1":{"name":"(anonymous_1)","decl":{"start":{"line":10,"column":4},"end":{"line":10,"column":5}},"loc":{"start":{"line":10,"column":32},"end":{"line":12,"column":5}},"line":10},"2":{"name":"(anonymous_2)","decl":{"start":{"line":14,"column":4},"end":{"line":14,"column":5}},"loc":{"start":{"line":14,"column":27},"end":{"line":16,"column":5}},"line":14},"3":{"name":"(anonymous_3)","decl":{"start":{"line":18,"column":4},"end":{"line":18,"column":5}},"loc":{"start":{"line":18,"column":20},"end":{"line":20,"column":5}},"line":18},"4":{"name":"(anonymous_4)","decl":{"start":{"line":22,"column":4},"end":{"line":22,"column":5}},"loc":{"start":{"line":22,"column":20},"end":{"line":24,"column":5}},"line":22}},"branchMap":{},"s":{"0":1,"1":2,"2":2,"3":2,"4":0,"5":0,"6":0},"f":{"0":2,"1":2,"2":0,"3":0,"4":0},"b":{},"_coverageSchema":"1a1c01bbd47fc00a2c39e90264f33305004495a9","hash":"77181661bdb81c852be20f2c3f8edc22d94fdeea"}
,"/Users/gink/projects/red-tetris/src/utils/constants.js": {"path":"/Users/gink/projects/red-tetris/src/utils/constants.js","statementMap":{"0":{"start":{"line":1,"column":42},"end":{"line":1,"column":64}},"1":{"start":{"line":3,"column":26},"end":{"line":6,"column":1}},"2":{"start":{"line":8,"column":33},"end":{"line":20,"column":1}},"3":{"start":{"line":23,"column":30},"end":{"line":31,"column":1}},"4":{"start":{"line":33,"column":32},"end":{"line":38,"column":1}},"5":{"start":{"line":40,"column":37},"end":{"line":45,"column":1}},"6":{"start":{"line":47,"column":32},"end":{"line":90,"column":1}},"7":{"start":{"line":93,"column":25},"end":{"line":98,"column":1}}},"fnMap":{},"branchMap":{},"s":{"0":5,"1":5,"2":5,"3":5,"4":5,"5":5,"6":5,"7":5},"f":{},"b":{},"_coverageSchema":"1a1c01bbd47fc00a2c39e90264f33305004495a9","hash":"c5a8b4cf971bc5ab36ea52f08b316f871450ecc6"}
,"/Users/gink/projects/red-tetris/src/utils/formatDateString.js": {"path":"/Users/gink/projects/red-tetris/src/utils/formatDateString.js","statementMap":{"0":{"start":{"line":1,"column":32},"end":{"line":9,"column":1}},"1":{"start":{"line":2,"column":17},"end":{"line":2,"column":55}},"2":{"start":{"line":3,"column":15},"end":{"line":3,"column":46}},"3":{"start":{"line":4,"column":4},"end":{"line":6,"column":5}},"4":{"start":{"line":5,"column":8},"end":{"line":5,"column":34}},"5":{"start":{"line":8,"column":4},"end":{"line":8,"column":31}}},"fnMap":{"0":{"name":"(anonymous_0)","decl":{"start":{"line":1,"column":32},"end":{"line":1,"column":33}},"loc":{"start":{"line":1,"column":41},"end":{"line":9,"column":1}},"line":1}},"branchMap":{"0":{"loc":{"start":{"line":4,"column":4},"end":{"line":6,"column":5}},"type":"if","locations":[{"start":{"line":4,"column":4},"end":{"line":6,"column":5}},{"start":{},"end":{}}],"line":4}},"s":{"0":2,"1":23,"2":23,"3":23,"4":23,"5":23},"f":{"0":23},"b":{"0":[23,0]},"_coverageSchema":"1a1c01bbd47fc00a2c39e90264f33305004495a9","hash":"99e9323026f4d8f99edbed078b7566152b20ea63"}
,"/Users/gink/projects/red-tetris/src/utils/randomChoice.js": {"path":"/Users/gink/projects/red-tetris/src/utils/randomChoice.js","statementMap":{"0":{"start":{"line":1,"column":21},"end":{"line":3,"column":1}},"1":{"start":{"line":2,"column":4},"end":{"line":2,"column":63}}},"fnMap":{"0":{"name":"(anonymous_0)","decl":{"start":{"line":1,"column":21},"end":{"line":1,"column":22}},"loc":{"start":{"line":1,"column":34},"end":{"line":3,"column":1}},"line":1}},"branchMap":{},"s":{"0":5,"1":6},"f":{"0":6},"b":{},"_coverageSchema":"1a1c01bbd47fc00a2c39e90264f33305004495a9","hash":"2ae9f2650b952fb7b5d25ee8d36fcaca56d2c2a6"}
,"/Users/gink/projects/red-tetris/src/utils/selfPreservingPromise.js": {"path":"/Users/gink/projects/red-tetris/src/utils/selfPreservingPromise.js","statementMap":{"0":{"start":{"line":3,"column":8},"end":{"line":3,"column":35}},"1":{"start":{"line":6,"column":8},"end":{"line":6,"column":74}},"2":{"start":{"line":8,"column":8},"end":{"line":8,"column":20}}},"fnMap":{"0":{"name":"(anonymous_0)","decl":{"start":{"line":2,"column":4},"end":{"line":2,"column":5}},"loc":{"start":{"line":2,"column":25},"end":{"line":4,"column":5}},"line":2},"1":{"name":"(anonymous_1)","decl":{"start":{"line":5,"column":4},"end":{"line":5,"column":5}},"loc":{"start":{"line":5,"column":34},"end":{"line":9,"column":5}},"line":5}},"branchMap":{},"s":{"0":2,"1":0,"2":0},"f":{"0":2,"1":0},"b":{},"_coverageSchema":"1a1c01bbd47fc00a2c39e90264f33305004495a9","hash":"b8d6c4d9e27d5bceabeb94570886d135e8a0d06d"}
}
