TN:
SF:src/client/index.jsx
FNF:0
FNH:0
DA:8,0
DA:10,0
LF:2
LH:0
BRF:0
BRH:0
end_of_record
TN:
SF:src/client/components/button/index.jsx
FN:5,(anonymous_0)
FNF:1
FNH:1
FNDA:69,(anonymous_0)
DA:5,2
DA:6,69
LF:2
LH:2
BRF:0
BRH:0
end_of_record
TN:
SF:src/client/components/field/index.jsx
FN:11,(anonymous_0)
FN:20,(anonymous_1)
FN:20,(anonymous_2)
FNF:3
FNH:3
FNDA:24,(anonymous_0)
FNDA:480,(anonymous_1)
FNDA:4800,(anonymous_2)
DA:9,2
DA:11,2
DA:12,24
DA:13,24
DA:14,24
DA:16,24
DA:20,480
DA:22,4800
LF:8
LH:8
BRDA:11,0,0,21
BRDA:12,1,0,23
BRDA:12,1,1,1
BRF:3
BRH:3
end_of_record
TN:
SF:src/client/components/field/score.jsx
FN:6,(anonymous_0)
FNF:1
FNH:1
FNDA:24,(anonymous_0)
DA:6,2
DA:7,24
DA:9,24
LF:3
LH:3
BRF:0
BRH:0
end_of_record
TN:
SF:src/client/components/field/cube/index.jsx
FN:13,(anonymous_0)
FNF:1
FNH:1
FNDA:5826,(anonymous_0)
DA:6,2
DA:11,2
DA:13,2
DA:14,5826
DA:16,5826
LF:5
LH:5
BRDA:13,0,0,1
BRF:1
BRH:1
end_of_record
TN:
SF:src/client/components/modal/index.jsx
FN:7,(anonymous_0)
FNF:1
FNH:1
FNDA:28,(anonymous_0)
DA:5,2
DA:7,2
DA:9,28
DA:10,24
DA:13,4
LF:5
LH:5
BRDA:9,0,0,24
BRDA:9,0,1,4
BRDA:17,1,0,4
BRDA:17,1,1,3
BRF:4
BRH:4
end_of_record
TN:
SF:src/client/containers/app.jsx
FN:8,(anonymous_0)
FN:9,(anonymous_1)
FNF:2
FNH:2
FNDA:6,(anonymous_0)
FNDA:6,(anonymous_1)
DA:8,2
DA:9,6
DA:10,6
DA:12,6
DA:15,6
LF:5
LH:5
BRF:0
BRH:0
end_of_record
TN:
SF:src/client/containers/game/gameOverModal.jsx
FN:10,(anonymous_0)
FN:17,(anonymous_1)
FN:26,(anonymous_2)
FNF:3
FNH:3
FNDA:27,(anonymous_0)
FNDA:13,(anonymous_1)
FNDA:2,(anonymous_2)
DA:7,2
DA:8,2
DA:10,2
DA:11,27
DA:12,27
DA:13,27
DA:14,27
DA:15,27
DA:17,27
DA:18,13
DA:19,1
DA:20,12
DA:21,3
DA:25,27
DA:26,2
LF:15
LH:15
BRDA:14,0,0,3
BRDA:14,0,1,24
BRDA:18,1,0,1
BRDA:18,1,1,12
BRDA:20,2,0,3
BRDA:20,2,1,9
BRF:6
BRH:6
end_of_record
TN:
SF:src/client/containers/game/index.jsx
FN:9,(anonymous_0)
FNF:1
FNH:1
FNDA:21,(anonymous_0)
DA:9,2
DA:10,21
DA:12,21
DA:13,21
DA:15,21
LF:5
LH:5
BRF:0
BRH:0
end_of_record
TN:
SF:src/client/containers/game/useGameControl.js
FN:13,(anonymous_0)
FN:38,(anonymous_1)
FN:41,(anonymous_2)
FN:48,(anonymous_3)
FNF:4
FNH:4
FNDA:26,(anonymous_0)
FNDA:21,(anonymous_1)
FNDA:11,(anonymous_2)
FNDA:1,(anonymous_3)
DA:13,2
DA:14,26
DA:16,26
DA:18,9
DA:19,9
DA:21,2
DA:22,2
DA:24,6
DA:25,6
DA:27,8
DA:28,8
DA:30,1
DA:31,1
DA:33,26
DA:34,26
DA:38,2
DA:39,21
DA:41,21
DA:42,11
DA:43,10
DA:46,1
DA:48,1
DA:49,1
LF:23
LH:23
BRDA:16,0,0,9
BRDA:16,0,1,2
BRDA:16,0,2,6
BRDA:16,0,3,8
BRDA:16,0,4,1
BRDA:33,1,0,26
BRDA:33,1,1,0
BRDA:42,2,0,10
BRDA:42,2,1,1
BRF:9
BRH:8
end_of_record
TN:
SF:src/client/containers/game/useGameUpdate.js
FN:8,(anonymous_0)
FN:12,(anonymous_1)
FN:17,(anonymous_2)
FN:21,(anonymous_3)
FNF:4
FNH:3
FNDA:21,(anonymous_0)
FNDA:11,(anonymous_1)
FNDA:0,(anonymous_2)
FNDA:1,(anonymous_3)
DA:6,2
DA:8,2
DA:9,21
DA:10,21
DA:12,21
DA:13,11
DA:14,10
DA:17,1
DA:18,0
DA:21,1
DA:22,1
LF:11
LH:10
BRDA:13,0,0,10
BRDA:13,0,1,1
BRF:2
BRH:2
end_of_record
TN:
SF:src/client/containers/gameList/gameUnit.jsx
FN:8,(anonymous_0)
FN:9,(anonymous_1)
FNF:2
FNH:1
FNDA:23,(anonymous_0)
FNDA:0,(anonymous_1)
DA:6,2
DA:8,2
DA:9,23
DA:10,0
DA:13,23
LF:5
LH:4
BRDA:19,0,0,23
BRDA:19,0,1,0
BRDA:19,0,2,0
BRF:3
BRH:1
end_of_record
TN:
SF:src/client/containers/gameList/index.jsx
FN:9,(anonymous_0)
FN:11,(anonymous_1)
FN:14,(anonymous_2)
FN:23,(anonymous_3)
FNF:4
FNH:4
FNDA:7,(anonymous_0)
FNDA:71,(anonymous_1)
FNDA:7,(anonymous_2)
FNDA:23,(anonymous_3)
DA:9,7
DA:11,2
DA:12,71
DA:14,71
DA:15,7
DA:16,7
DA:18,7
DA:21,71
DA:24,23
LF:9
LH:9
BRDA:9,0,0,7
BRF:1
BRH:1
end_of_record
TN:
SF:src/client/containers/sidePanel/index.jsx
FN:16,(anonymous_0)
FNF:1
FNH:1
FNDA:11,(anonymous_0)
DA:10,2
DA:16,2
DA:17,11
DA:19,11
LF:4
LH:4
BRF:0
BRH:0
end_of_record
TN:
SF:src/client/containers/sidePanel/fields/index.jsx
FN:9,(anonymous_0)
FN:15,(anonymous_1)
FNF:2
FNH:0
FNDA:0,(anonymous_0)
FNDA:0,(anonymous_1)
DA:7,2
DA:9,2
DA:10,0
DA:12,0
DA:16,0
LF:5
LH:2
BRF:0
BRH:0
end_of_record
TN:
SF:src/client/containers/sidePanel/main/index.jsx
FN:8,(anonymous_0)
FNF:1
FNH:1
FNDA:7,(anonymous_0)
DA:6,2
DA:8,2
DA:10,7
LF:3
LH:3
BRF:0
BRH:0
end_of_record
TN:
SF:src/client/containers/sidePanel/main/menu.jsx
FN:8,(anonymous_0)
FN:11,(anonymous_1)
FN:24,(anonymous_2)
FNF:3
FNH:2
FNDA:9,(anonymous_0)
FNDA:1,(anonymous_1)
FNDA:0,(anonymous_2)
DA:8,2
DA:9,9
DA:11,9
DA:12,1
DA:13,0
DA:15,1
DA:19,9
DA:24,0
LF:8
LH:6
BRDA:12,0,0,0
BRDA:12,0,1,1
BRDA:22,1,0,1
BRDA:22,1,1,8
BRF:4
BRH:3
end_of_record
TN:
SF:src/client/containers/sidePanel/main/modesPanel/index.jsx
FN:8,(anonymous_0)
FN:13,(anonymous_1)
FNF:2
FNH:2
FNDA:7,(anonymous_0)
FNDA:21,(anonymous_1)
DA:8,2
DA:9,7
DA:11,7
DA:14,21
LF:4
LH:4
BRF:0
BRH:0
end_of_record
TN:
SF:src/client/containers/sidePanel/main/modesPanel/mode.jsx
FN:6,(anonymous_0)
FN:10,(anonymous_1)
FNF:2
FNH:1
FNDA:21,(anonymous_0)
FNDA:0,(anonymous_1)
DA:6,2
DA:8,21
DA:10,0
LF:3
LH:2
BRF:0
BRH:0
end_of_record
TN:
SF:src/client/containers/sidePanel/waitStart/index.jsx
FN:10,(anonymous_0)
FN:18,(anonymous_1)
FNF:2
FNH:2
FNDA:14,(anonymous_0)
FNDA:38,(anonymous_1)
DA:8,2
DA:10,2
DA:11,14
DA:13,14
DA:19,38
LF:5
LH:5
BRF:0
BRH:0
end_of_record
TN:
SF:src/client/containers/sidePanel/waitStart/menu.jsx
FN:9,(anonymous_0)
FN:14,(anonymous_1)
FN:15,(anonymous_2)
FNF:3
FNH:1
FNDA:14,(anonymous_0)
FNDA:0,(anonymous_1)
FNDA:0,(anonymous_2)
DA:9,2
DA:10,14
DA:12,14
DA:14,0
DA:15,0
LF:5
LH:3
BRDA:15,0,0,14
BRDA:15,0,1,13
BRF:2
BRH:2
end_of_record
TN:
SF:src/client/containers/sidePanel/waitStart/player.jsx
FN:11,(anonymous_0)
FN:20,(anonymous_1)
FNF:2
FNH:1
FNDA:38,(anonymous_0)
FNDA:0,(anonymous_1)
DA:9,2
DA:11,2
DA:12,38
DA:13,38
DA:15,38
DA:20,0
LF:6
LH:5
BRDA:18,0,0,38
BRDA:18,0,1,0
BRDA:18,0,2,0
BRDA:19,1,0,38
BRDA:19,1,1,36
BRDA:19,1,2,23
BRDA:22,2,0,38
BRDA:22,2,1,14
BRDA:23,3,0,38
BRDA:23,3,1,14
BRF:10
BRH:8
end_of_record
TN:
SF:src/client/models/field.js
FN:8,(anonymous_0)
FN:12,(anonymous_1)
FN:17,(anonymous_2)
FN:18,(anonymous_3)
FN:21,(anonymous_4)
FN:35,(anonymous_5)
FN:44,(anonymous_6)
FN:45,(anonymous_7)
FN:47,(anonymous_8)
FN:55,(anonymous_9)
FN:60,(anonymous_10)
FN:73,(anonymous_11)
FN:74,(anonymous_12)
FN:80,(anonymous_13)
FN:81,(anonymous_14)
FN:86,(anonymous_15)
FN:87,(anonymous_16)
FN:95,(anonymous_17)
FN:99,(anonymous_18)
FN:104,(anonymous_19)
FN:105,(anonymous_20)
FN:112,(anonymous_21)
FN:116,(anonymous_22)
FN:121,(anonymous_23)
FN:125,(anonymous_24)
FN:125,(anonymous_25)
FN:134,(anonymous_26)
FN:145,(anonymous_27)
FN:146,(anonymous_28)
FNF:29
FNH:24
FNDA:1,(anonymous_0)
FNDA:0,(anonymous_1)
FNDA:12,(anonymous_2)
FNDA:240,(anonymous_3)
FNDA:0,(anonymous_4)
FNDA:0,(anonymous_5)
FNDA:10,(anonymous_6)
FNDA:200,(anonymous_7)
FNDA:40,(anonymous_8)
FNDA:200,(anonymous_9)
FNDA:209,(anonymous_10)
FNDA:8,(anonymous_11)
FNDA:32,(anonymous_12)
FNDA:6,(anonymous_13)
FNDA:21,(anonymous_14)
FNDA:25,(anonymous_15)
FNDA:88,(anonymous_16)
FNDA:412,(anonymous_17)
FNDA:8,(anonymous_18)
FNDA:103,(anonymous_19)
FNDA:412,(anonymous_20)
FNDA:26899,(anonymous_21)
FNDA:0,(anonymous_22)
FNDA:27241,(anonymous_23)
FNDA:5826,(anonymous_24)
FNDA:27217,(anonymous_25)
FNDA:0,(anonymous_26)
FNDA:9,(anonymous_27)
FNDA:85,(anonymous_28)
DA:8,3
DA:9,1
DA:12,3
DA:13,0
DA:16,3
DA:18,240
DA:22,0
DA:23,0
DA:25,0
DA:26,0
DA:28,0
DA:29,0
DA:31,0
DA:32,0
DA:35,0
DA:36,0
DA:38,0
DA:41,0
DA:45,200
DA:47,10
DA:48,40
DA:50,40
DA:53,10
DA:55,10
DA:56,200
DA:57,0
DA:60,209
DA:61,1
DA:62,1
DA:66,10
DA:67,1
DA:70,10
DA:74,8
DA:75,32
DA:81,6
DA:82,21
DA:87,25
DA:88,88
DA:96,412
DA:101,8
DA:102,8
DA:103,8
DA:104,8
DA:105,412
DA:107,8
DA:109,8
DA:113,26899
DA:114,26899
DA:116,0
DA:118,26899
DA:122,27241
DA:125,5826
DA:126,27217
DA:127,27217
DA:131,27217
DA:135,0
DA:137,0
DA:138,0
DA:139,0
DA:140,0
DA:143,0
DA:146,85
LF:62
LH:41
BRDA:21,0,0,0
BRDA:31,1,0,0
BRDA:31,1,1,0
BRDA:35,2,0,0
BRDA:35,2,1,0
BRDA:48,3,0,0
BRDA:48,3,1,40
BRDA:56,4,0,0
BRDA:56,4,1,200
BRDA:60,5,0,1
BRDA:60,5,1,199
BRDA:60,6,0,209
BRDA:60,6,1,10
BRDA:75,7,0,32
BRDA:75,7,1,32
BRDA:82,8,0,21
BRDA:82,8,1,20
BRDA:88,9,0,88
BRDA:88,9,1,88
BRDA:88,9,2,84
BRDA:107,10,0,107
BRDA:107,10,1,103
BRDA:112,11,0,26899
BRDA:114,12,0,19099
BRDA:114,12,1,7800
BRDA:118,13,0,19099
BRDA:118,13,1,7800
BRDA:127,14,0,318
BRDA:127,14,1,26899
BRDA:127,15,0,27217
BRDA:127,15,1,19417
BRDA:137,16,0,0
BRDA:137,16,1,0
BRDA:138,17,0,0
BRDA:138,17,1,0
BRF:35
BRH:24
end_of_record
TN:
SF:src/client/models/game.js
FN:39,(anonymous_0)
FN:43,(anonymous_1)
FN:47,(anonymous_2)
FN:59,(anonymous_3)
FN:75,(anonymous_4)
FN:84,(anonymous_5)
FN:88,(anonymous_6)
FN:92,(anonymous_7)
FN:96,(anonymous_8)
FN:101,(anonymous_9)
FN:105,(anonymous_10)
FN:110,(anonymous_11)
FN:120,(anonymous_12)
FN:124,(anonymous_13)
FN:134,(anonymous_14)
FN:144,(anonymous_15)
FN:157,(anonymous_16)
FN:165,(anonymous_17)
FN:169,(anonymous_18)
FN:176,(anonymous_19)
FN:211,(anonymous_20)
FNF:21
FNH:11
FNDA:59,(anonymous_0)
FNDA:0,(anonymous_1)
FNDA:1,(anonymous_2)
FNDA:3,(anonymous_3)
FNDA:3,(anonymous_4)
FNDA:0,(anonymous_5)
FNDA:0,(anonymous_6)
FNDA:0,(anonymous_7)
FNDA:10,(anonymous_8)
FNDA:0,(anonymous_9)
FNDA:0,(anonymous_10)
FNDA:3,(anonymous_11)
FNDA:8,(anonymous_12)
FNDA:2,(anonymous_13)
FNDA:0,(anonymous_14)
FNDA:2,(anonymous_15)
FNDA:6,(anonymous_16)
FNDA:0,(anonymous_17)
FNDA:0,(anonymous_18)
FNDA:22,(anonymous_19)
FNDA:0,(anonymous_20)
DA:30,3
DA:36,3
DA:38,3
DA:40,59
DA:44,0
DA:48,1
DA:49,1
DA:50,1
DA:51,1
DA:52,1
DA:55,0
DA:56,0
DA:60,3
DA:62,3
DA:64,3
DA:66,3
DA:67,0
DA:76,3
DA:77,3
DA:78,3
DA:79,3
DA:80,3
DA:81,3
DA:85,0
DA:89,0
DA:93,0
DA:97,10
DA:98,10
DA:102,0
DA:106,0
DA:107,0
DA:111,3
DA:112,0
DA:115,3
DA:116,3
DA:117,3
DA:121,8
DA:125,2
DA:127,2
DA:128,2
DA:129,2
DA:130,2
DA:135,0
DA:137,0
DA:139,0
DA:140,0
DA:145,2
DA:147,2
DA:148,0
DA:150,2
DA:152,2
DA:153,1
DA:158,6
DA:159,1
DA:161,5
DA:166,0
DA:170,0
DA:172,0
DA:173,0
DA:177,22
DA:178,22
DA:179,22
DA:182,22
DA:183,10
DA:184,10
DA:187,12
DA:190,12
DA:191,3
DA:192,3
DA:196,9
DA:198,9
DA:201,9
DA:202,1
DA:203,1
DA:204,1
DA:207,8
DA:208,8
DA:212,0
LF:78
LH:57
BRDA:47,0,0,0
BRDA:48,1,0,1
BRDA:48,1,1,0
BRDA:66,2,0,0
BRDA:66,2,1,3
BRDA:75,3,0,0
BRDA:111,4,0,0
BRDA:111,4,1,3
BRDA:127,5,0,2
BRDA:127,5,1,0
BRDA:139,6,0,0
BRDA:139,6,1,0
BRDA:147,7,0,0
BRDA:147,7,1,2
BRDA:152,8,0,1
BRDA:152,8,1,1
BRDA:158,9,0,1
BRDA:158,9,1,5
BRDA:170,10,0,0
BRDA:170,10,1,0
BRDA:182,11,0,10
BRDA:182,11,1,12
BRDA:183,12,0,10
BRDA:183,12,1,10
BRDA:190,13,0,3
BRDA:190,13,1,9
BRDA:198,14,0,9
BRDA:198,14,1,0
BRDA:201,15,0,1
BRDA:201,15,1,8
BRDA:203,16,0,1
BRDA:203,16,1,0
BRF:32
BRH:19
end_of_record
TN:
SF:src/client/models/gameList.js
FN:9,(anonymous_0)
FN:11,(anonymous_1)
FN:12,(anonymous_2)
FN:15,(anonymous_3)
FN:19,(anonymous_4)
FN:23,(anonymous_5)
FN:30,(anonymous_6)
FNF:7
FNH:5
FNDA:7,(anonymous_0)
FNDA:0,(anonymous_1)
FNDA:0,(anonymous_2)
FNDA:5,(anonymous_3)
FNDA:6,(anonymous_4)
FNDA:7,(anonymous_5)
FNDA:7,(anonymous_6)
DA:8,3
DA:10,7
DA:11,0
DA:12,0
DA:16,5
DA:20,6
DA:24,7
DA:25,7
DA:26,7
DA:27,7
DA:31,7
DA:32,7
DA:33,7
DA:34,7
LF:14
LH:12
BRF:0
BRH:0
end_of_record
TN:
SF:src/client/models/player.js
FN:6,(anonymous_0)
FN:10,(anonymous_1)
FN:13,(anonymous_2)
FNF:3
FNH:2
FNDA:24,(anonymous_0)
FNDA:1,(anonymous_1)
FNDA:0,(anonymous_2)
DA:5,2
DA:7,24
DA:8,23
DA:10,1
DA:11,1
DA:13,1
LF:6
LH:6
BRDA:7,0,0,23
BRDA:7,0,1,1
BRDA:13,1,0,1
BRDA:13,1,1,1
BRF:4
BRH:4
end_of_record
TN:
SF:src/client/models/tetramino.js
FN:28,(anonymous_0)
FN:32,(anonymous_1)
FN:44,(anonymous_2)
FN:57,(anonymous_3)
FN:62,(anonymous_4)
FN:67,(anonymous_5)
FN:71,(anonymous_6)
FN:78,(anonymous_7)
FN:85,(anonymous_8)
FN:89,(anonymous_9)
FN:98,(anonymous_10)
FN:102,(anonymous_11)
FN:103,(anonymous_12)
FN:108,(anonymous_13)
FN:109,(anonymous_14)
FN:114,(anonymous_15)
FN:115,(anonymous_16)
FN:120,(anonymous_17)
FN:121,(anonymous_18)
FN:126,(anonymous_19)
FN:130,(anonymous_20)
FN:134,(anonymous_21)
FN:135,(anonymous_22)
FNF:23
FNH:23
FNDA:10,(anonymous_0)
FNDA:12,(anonymous_1)
FNDA:9916,(anonymous_2)
FNDA:19417,(anonymous_3)
FNDA:38795,(anonymous_4)
FNDA:4,(anonymous_5)
FNDA:5,(anonymous_6)
FNDA:9,(anonymous_7)
FNDA:4,(anonymous_8)
FNDA:8,(anonymous_9)
FNDA:2,(anonymous_10)
FNDA:4,(anonymous_11)
FNDA:16,(anonymous_12)
FNDA:2,(anonymous_13)
FNDA:8,(anonymous_14)
FNDA:17,(anonymous_15)
FNDA:68,(anonymous_16)
FNDA:16,(anonymous_17)
FNDA:64,(anonymous_18)
FNDA:3,(anonymous_19)
FNDA:2,(anonymous_20)
FNDA:2,(anonymous_21)
FNDA:8,(anonymous_22)
DA:12,3
DA:25,3
DA:29,10
DA:33,12
DA:38,12
DA:40,12
DA:41,12
DA:45,9916
DA:46,9916
DA:48,9916
DA:49,39664
DA:54,9916
DA:58,19417
DA:59,9601
DA:62,9816
DA:63,38795
DA:68,4
DA:72,5
DA:79,9
DA:86,4
DA:90,8
DA:92,8
DA:99,2
DA:103,4
DA:104,16
DA:109,2
DA:110,8
DA:115,17
DA:116,68
DA:121,16
DA:122,64
DA:127,3
DA:131,2
DA:135,2
DA:136,8
LF:35
LH:35
BRDA:29,0,0,5
BRDA:29,0,1,5
BRDA:34,1,0,12
BRDA:34,1,1,0
BRDA:58,2,0,9601
BRDA:58,2,1,9816
BRDA:63,3,0,38795
BRDA:63,3,1,4005
BRDA:104,4,0,8
BRDA:104,4,1,8
BRDA:110,5,0,2
BRDA:110,5,1,6
BRDA:116,6,0,26
BRDA:116,6,1,42
BRDA:122,7,0,31
BRDA:122,7,1,33
BRDA:136,8,0,8
BRDA:136,8,1,8
BRF:18
BRH:17
end_of_record
TN:
SF:src/client/services/fetch.js
FN:4,(anonymous_0)
FN:18,(anonymous_1)
FN:26,(anonymous_2)
FNF:3
FNH:1
FNDA:7,(anonymous_0)
FNDA:0,(anonymous_1)
FNDA:0,(anonymous_2)
DA:4,3
DA:9,7
DA:19,0
DA:20,0
DA:23,0
DA:25,0
DA:27,0
DA:28,0
LF:8
LH:2
BRDA:6,0,0,0
BRDA:16,1,0,0
BRDA:16,1,1,0
BRDA:19,2,0,0
BRDA:19,2,1,0
BRDA:25,3,0,0
BRDA:25,3,1,0
BRDA:27,4,0,0
BRDA:27,4,1,0
BRF:9
BRH:0
end_of_record
TN:
SF:src/client/services/sessionStorageService.js
FN:7,(anonymous_0)
FN:14,(anonymous_1)
FN:18,(anonymous_2)
FNF:3
FNH:3
FNDA:7,(anonymous_0)
FNDA:7,(anonymous_1)
FNDA:54420,(anonymous_2)
DA:3,4
DA:7,4
DA:8,7
DA:10,7
DA:13,4
DA:15,7
DA:19,54420
LF:7
LH:7
BRDA:8,0,0,7
BRDA:8,0,1,0
BRDA:14,1,0,7
BRDA:19,2,0,54420
BRDA:19,2,1,803
BRF:5
BRH:4
end_of_record
TN:
SF:src/client/store/index.js
FN:6,(anonymous_0)
FNF:1
FNH:1
FNDA:18,(anonymous_0)
DA:6,3
DA:7,18
DA:17,3
LF:3
LH:3
BRF:0
BRH:0
end_of_record
TN:
SF:src/client/store/selectors/game.js
FN:5,(anonymous_0)
FN:6,(anonymous_1)
FN:8,(anonymous_2)
FN:10,(anonymous_3)
FN:12,(anonymous_4)
FN:12,(anonymous_5)
FN:14,(anonymous_6)
FN:14,(anonymous_7)
FN:16,(anonymous_8)
FN:18,(anonymous_9)
FN:20,(anonymous_10)
FN:22,(anonymous_11)
FN:24,(anonymous_12)
FN:34,(anonymous_13)
FN:36,(anonymous_14)
FN:38,(anonymous_15)
FN:40,(anonymous_16)
FNF:17
FNH:13
FNDA:55723,(anonymous_0)
FNDA:27246,(anonymous_1)
FNDA:168,(anonymous_2)
FNDA:19231,(anonymous_3)
FNDA:0,(anonymous_4)
FNDA:0,(anonymous_5)
FNDA:0,(anonymous_6)
FNDA:0,(anonymous_7)
FNDA:144,(anonymous_8)
FNDA:597,(anonymous_9)
FNDA:4,(anonymous_10)
FNDA:338,(anonymous_11)
FNDA:103,(anonymous_12)
FNDA:7800,(anonymous_13)
FNDA:16,(anonymous_14)
FNDA:135,(anonymous_15)
FNDA:175,(anonymous_16)
DA:5,55723
DA:6,27246
DA:8,168
DA:10,19231
DA:12,3
DA:14,3
DA:16,144
DA:18,597
DA:20,4
DA:22,338
DA:24,3
DA:25,103
DA:26,103
DA:28,103
DA:29,89
DA:31,14
DA:34,7800
DA:36,16
DA:38,135
DA:40,175
LF:20
LH:20
BRDA:28,0,0,89
BRDA:28,0,1,14
BRDA:31,1,0,0
BRDA:31,1,1,14
BRDA:40,2,0,175
BRDA:40,2,1,0
BRF:6
BRH:4
end_of_record
TN:
SF:src/client/store/selectors/gameList.js
FN:3,(anonymous_0)
FN:4,(anonymous_1)
FN:6,(anonymous_2)
FN:10,(anonymous_3)
FNF:4
FNH:4
FNDA:86,(anonymous_0)
FNDA:86,(anonymous_1)
FNDA:86,(anonymous_2)
FNDA:23,(anonymous_3)
DA:3,86
DA:4,86
DA:6,2
DA:7,86
DA:8,86
DA:10,86
LF:6
LH:6
BRF:0
BRH:0
end_of_record
TN:
SF:src/client/store/selectors/player.js
FN:3,(anonymous_0)
FN:5,(anonymous_1)
FN:7,(anonymous_2)
FNF:3
FNH:3
FNDA:214,(anonymous_0)
FNDA:145,(anonymous_1)
FNDA:150,(anonymous_2)
DA:3,214
DA:5,145
DA:7,150
LF:3
LH:3
BRDA:5,0,0,81
BRDA:5,0,1,64
BRDA:7,1,0,150
BRDA:7,1,1,71
BRF:4
BRH:4
end_of_record
TN:
SF:src/client/store/slices/game.js
FN:28,(anonymous_0)
FN:37,(anonymous_1)
FN:38,(anonymous_2)
FN:41,(anonymous_3)
FN:49,(anonymous_4)
FN:53,(anonymous_5)
FN:60,(anonymous_6)
FN:61,(anonymous_7)
FN:64,(anonymous_8)
FN:76,(anonymous_9)
FN:80,(anonymous_10)
FN:84,(anonymous_11)
FN:89,(anonymous_12)
FN:95,(anonymous_13)
FN:99,(anonymous_14)
FN:117,(anonymous_15)
FN:124,(anonymous_16)
FN:131,(anonymous_17)
FN:138,(anonymous_18)
FN:147,(anonymous_19)
FN:151,(anonymous_20)
FNF:21
FNH:12
FNDA:3,(anonymous_0)
FNDA:0,(anonymous_1)
FNDA:0,(anonymous_2)
FNDA:3,(anonymous_3)
FNDA:10,(anonymous_4)
FNDA:16,(anonymous_5)
FNDA:0,(anonymous_6)
FNDA:0,(anonymous_7)
FNDA:0,(anonymous_8)
FNDA:1,(anonymous_9)
FNDA:0,(anonymous_10)
FNDA:8,(anonymous_11)
FNDA:10,(anonymous_12)
FNDA:0,(anonymous_13)
FNDA:2,(anonymous_14)
FNDA:6,(anonymous_15)
FNDA:8,(anonymous_16)
FNDA:4,(anonymous_17)
FNDA:9,(anonymous_18)
FNDA:0,(anonymous_19)
FNDA:0,(anonymous_20)
DA:7,3
DA:24,3
DA:29,3
DA:30,3
DA:32,3
DA:36,3
DA:37,0
DA:38,0
DA:42,3
DA:43,3
DA:44,3
DA:45,3
DA:46,3
DA:50,10
DA:54,16
DA:55,16
DA:56,16
DA:57,16
DA:61,0
DA:62,0
DA:64,0
DA:67,0
DA:68,0
DA:71,0
DA:72,0
DA:77,1
DA:81,0
DA:85,8
DA:86,8
DA:90,10
DA:91,10
DA:92,10
DA:96,0
DA:100,2
DA:101,0
DA:104,2
DA:106,2
DA:107,1
DA:109,2
DA:110,0
DA:112,2
DA:113,2
DA:118,6
DA:119,1
DA:121,5
DA:125,8
DA:126,0
DA:128,8
DA:132,4
DA:133,0
DA:135,4
DA:139,9
DA:140,1
DA:142,8
DA:144,8
DA:148,0
DA:152,0
DA:176,3
DA:178,3
LF:59
LH:42
BRDA:32,0,0,0
BRDA:32,0,1,3
BRDA:32,1,0,3
BRDA:32,1,1,1
BRDA:67,2,0,0
BRDA:67,2,1,0
BRDA:71,3,0,0
BRDA:71,3,1,0
BRDA:90,4,0,10
BRDA:90,4,1,0
BRDA:92,5,0,10
BRDA:92,5,1,0
BRDA:100,6,0,0
BRDA:100,6,1,2
BRDA:112,7,0,2
BRDA:112,7,1,0
BRDA:118,8,0,1
BRDA:118,8,1,5
BRDA:118,9,0,6
BRDA:118,9,1,6
BRDA:125,10,0,0
BRDA:125,10,1,8
BRDA:125,11,0,8
BRDA:125,11,1,8
BRDA:132,12,0,0
BRDA:132,12,1,4
BRDA:132,13,0,4
BRDA:132,13,1,4
BRDA:139,14,0,1
BRDA:139,14,1,8
BRDA:139,15,0,9
BRDA:139,15,1,9
BRF:32
BRH:21
end_of_record
TN:
SF:src/client/store/slices/gameList.js
FN:12,(anonymous_0)
FN:15,(anonymous_1)
FN:16,(anonymous_2)
FN:19,(anonymous_3)
FN:21,(anonymous_4)
FN:24,(anonymous_5)
FNF:6
FNH:5
FNDA:5,(anonymous_0)
FNDA:6,(anonymous_1)
FNDA:14,(anonymous_2)
FNDA:3,(anonymous_3)
FNDA:0,(anonymous_4)
FNDA:7,(anonymous_5)
DA:4,3
DA:8,3
DA:13,5
DA:16,14
DA:20,3
DA:22,0
DA:25,7
DA:33,3
DA:35,3
LF:9
LH:8
BRDA:25,0,0,7
BRDA:25,0,1,7
BRF:2
BRH:2
end_of_record
TN:
SF:src/client/store/slices/player.js
FN:17,(anonymous_0)
FN:20,(anonymous_1)
FN:23,(anonymous_2)
FN:26,(anonymous_3)
FN:29,(anonymous_4)
FN:33,(anonymous_5)
FNF:6
FNH:4
FNDA:0,(anonymous_0)
FNDA:1,(anonymous_1)
FNDA:0,(anonymous_2)
FNDA:3,(anonymous_3)
FNDA:2,(anonymous_4)
FNDA:8,(anonymous_5)
DA:5,3
DA:13,3
DA:18,0
DA:21,1
DA:24,0
DA:27,3
DA:30,2
DA:34,8
DA:35,1
DA:37,7
DA:50,3
DA:53,3
LF:12
LH:10
BRDA:34,0,0,1
BRDA:34,0,1,7
BRF:2
BRH:2
end_of_record
TN:
SF:src/server/app.js
FN:11,(anonymous_0)
FN:16,(anonymous_1)
FNF:2
FNH:0
FNDA:0,(anonymous_0)
FNDA:0,(anonymous_1)
DA:9,0
DA:11,0
DA:12,0
DA:13,0
DA:14,0
DA:16,0
DA:17,0
DA:18,0
DA:19,0
DA:20,0
DA:23,0
DA:24,0
DA:26,0
DA:28,0
DA:29,0
DA:30,0
DA:31,0
DA:33,0
LF:18
LH:0
BRF:0
BRH:0
end_of_record
TN:
SF:src/server/main.js
FNF:0
FNH:0
DA:4,0
LF:1
LH:0
BRF:0
BRH:0
end_of_record
TN:
SF:src/server/controllers/game.js
FN:9,(anonymous_0)
FN:13,(anonymous_1)
FN:22,(anonymous_2)
FN:37,(anonymous_3)
FN:74,(anonymous_4)
FN:88,(anonymous_5)
FN:98,(anonymous_6)
FN:113,(anonymous_7)
FN:119,(anonymous_8)
FN:130,(anonymous_9)
FN:134,(anonymous_10)
FN:136,(anonymous_11)
FN:150,(anonymous_12)
FNF:13
FNH:5
FNDA:1,(anonymous_0)
FNDA:1,(anonymous_1)
FNDA:2,(anonymous_2)
FNDA:0,(anonymous_3)
FNDA:0,(anonymous_4)
FNDA:0,(anonymous_5)
FNDA:0,(anonymous_6)
FNDA:0,(anonymous_7)
FNDA:0,(anonymous_8)
FNDA:0,(anonymous_9)
FNDA:2,(anonymous_10)
FNDA:10,(anonymous_11)
FNDA:0,(anonymous_12)
DA:10,1
DA:14,1
DA:15,1
DA:17,1
DA:19,1
DA:23,2
DA:25,2
DA:26,0
DA:28,2
DA:29,2
DA:31,2
DA:32,2
DA:34,2
DA:38,0
DA:40,0
DA:41,0
DA:44,0
DA:46,0
DA:48,0
DA:49,0
DA:51,0
DA:54,0
DA:55,0
DA:57,0
DA:59,0
DA:61,0
DA:62,0
DA:63,0
DA:65,0
DA:66,0
DA:68,0
DA:71,0
DA:75,0
DA:77,0
DA:78,0
DA:81,0
DA:82,0
DA:84,0
DA:85,0
DA:89,0
DA:91,0
DA:92,0
DA:94,0
DA:95,0
DA:99,0
DA:101,0
DA:102,0
DA:105,0
DA:106,0
DA:108,0
DA:109,0
DA:110,0
DA:114,0
DA:116,0
DA:117,0
DA:119,0
DA:121,0
DA:122,0
DA:124,0
DA:126,0
DA:127,0
DA:131,0
DA:135,2
DA:136,10
DA:138,2
DA:145,2
DA:146,10
DA:151,0
DA:152,0
LF:69
LH:17
BRDA:25,0,0,0
BRDA:25,0,1,2
BRDA:29,1,0,2
BRDA:29,1,1,0
BRDA:37,2,0,0
BRDA:40,3,0,0
BRDA:40,3,1,0
BRDA:48,4,0,0
BRDA:48,4,1,0
BRDA:54,5,0,0
BRDA:54,5,1,0
BRDA:59,6,0,0
BRDA:59,6,1,0
BRDA:65,7,0,0
BRDA:65,7,1,0
BRDA:77,8,0,0
BRDA:77,8,1,0
BRDA:77,9,0,0
BRDA:77,9,1,0
BRDA:77,9,2,0
BRDA:82,10,0,0
BRDA:82,10,1,0
BRDA:91,11,0,0
BRDA:91,11,1,0
BRDA:91,12,0,0
BRDA:91,12,1,0
BRDA:91,12,2,0
BRDA:101,13,0,0
BRDA:101,13,1,0
BRDA:101,14,0,0
BRDA:101,14,1,0
BRDA:101,14,2,0
BRDA:116,15,0,0
BRDA:116,15,1,0
BRDA:116,16,0,0
BRDA:116,16,1,0
BRDA:121,17,0,0
BRDA:121,17,1,0
BRF:38
BRH:2
end_of_record
TN:
SF:src/server/controllers/main.js
FN:5,(anonymous_0)
FN:12,(anonymous_1)
FN:19,(anonymous_2)
FNF:3
FNH:0
FNDA:0,(anonymous_0)
FNDA:0,(anonymous_1)
FNDA:0,(anonymous_2)
DA:7,0
DA:9,0
DA:14,0
DA:16,0
DA:20,0
DA:22,0
LF:6
LH:0
BRF:0
BRH:0
end_of_record
TN:
SF:src/server/middlewares/logger.js
FN:1,(anonymous_0)
FNF:1
FNH:1
FNDA:1,(anonymous_0)
DA:1,1
DA:2,1
DA:3,1
LF:3
LH:3
BRF:0
BRH:0
end_of_record
TN:
SF:src/server/middlewares/setCors.js
FN:1,(anonymous_0)
FNF:1
FNH:1
FNDA:1,(anonymous_0)
DA:1,1
DA:2,1
DA:3,1
DA:7,1
DA:11,1
LF:5
LH:5
BRF:0
BRH:0
end_of_record
TN:
SF:src/server/models/field.js
FN:5,(anonymous_0)
FN:9,(anonymous_1)
FN:12,(anonymous_2)
FN:25,(anonymous_3)
FN:26,(anonymous_4)
FN:29,(anonymous_5)
FN:43,(anonymous_6)
FNF:7
FNH:7
FNDA:2,(anonymous_0)
FNDA:40,(anonymous_1)
FNDA:400,(anonymous_2)
FNDA:4,(anonymous_3)
FNDA:80,(anonymous_4)
FNDA:2,(anonymous_5)
FNDA:160,(anonymous_6)
DA:6,2
DA:7,2
DA:9,2
DA:10,40
DA:12,40
DA:13,400
DA:15,400
DA:16,1
DA:17,1
DA:19,400
DA:22,2
DA:26,80
DA:30,2
DA:31,2
DA:33,2
DA:34,16
DA:36,16
DA:37,160
DA:39,160
DA:40,160
DA:43,160
DA:44,16
DA:46,16
DA:49,2
LF:24
LH:24
BRDA:15,0,0,1
BRDA:15,0,1,399
BRDA:15,1,0,400
BRDA:15,1,1,4
BRDA:29,2,0,2
BRDA:39,3,0,160
BRDA:39,3,1,0
BRDA:43,4,0,16
BRDA:43,4,1,0
BRF:9
BRH:7
end_of_record
TN:
SF:src/server/models/game.js
FN:19,(anonymous_0)
FN:30,(anonymous_1)
FN:34,(anonymous_2)
FN:38,(anonymous_3)
FN:42,(anonymous_4)
FN:46,(anonymous_5)
FN:50,(anonymous_6)
FN:54,(anonymous_7)
FN:58,(anonymous_8)
FN:62,(anonymous_9)
FN:66,(anonymous_10)
FN:70,(anonymous_11)
FN:74,(anonymous_12)
FN:80,(anonymous_13)
FN:83,(anonymous_14)
FN:90,(anonymous_15)
FN:94,(anonymous_16)
FN:99,(anonymous_17)
FN:106,(anonymous_18)
FN:116,(anonymous_19)
FN:117,(anonymous_20)
FN:135,(anonymous_21)
FN:142,(anonymous_22)
FN:149,(anonymous_23)
FN:152,(anonymous_24)
FN:158,(anonymous_25)
FN:163,(anonymous_26)
FN:175,(anonymous_27)
FN:179,(anonymous_28)
FN:180,(anonymous_29)
FN:183,(anonymous_30)
FN:191,(anonymous_31)
FN:192,(anonymous_32)
FN:195,(anonymous_33)
FN:196,(anonymous_34)
FNF:35
FNH:30
FNDA:25,(anonymous_0)
FNDA:114,(anonymous_1)
FNDA:32,(anonymous_2)
FNDA:68,(anonymous_3)
FNDA:1,(anonymous_4)
FNDA:72,(anonymous_5)
FNDA:33,(anonymous_6)
FNDA:33,(anonymous_7)
FNDA:35,(anonymous_8)
FNDA:6,(anonymous_9)
FNDA:0,(anonymous_10)
FNDA:0,(anonymous_11)
FNDA:16,(anonymous_12)
FNDA:9,(anonymous_13)
FNDA:55,(anonymous_14)
FNDA:8,(anonymous_15)
FNDA:29,(anonymous_16)
FNDA:0,(anonymous_17)
FNDA:3,(anonymous_18)
FNDA:6,(anonymous_19)
FNDA:5,(anonymous_20)
FNDA:6,(anonymous_21)
FNDA:1,(anonymous_22)
FNDA:1,(anonymous_23)
FNDA:1,(anonymous_24)
FNDA:1,(anonymous_25)
FNDA:0,(anonymous_26)
FNDA:14,(anonymous_27)
FNDA:1,(anonymous_28)
FNDA:0,(anonymous_29)
FNDA:25,(anonymous_30)
FNDA:3,(anonymous_31)
FNDA:11,(anonymous_32)
FNDA:2,(anonymous_33)
FNDA:19,(anonymous_34)
DA:7,4
DA:20,25
DA:21,25
DA:22,25
DA:23,25
DA:24,25
DA:25,25
DA:26,25
DA:27,25
DA:31,114
DA:35,32
DA:39,68
DA:43,1
DA:47,72
DA:51,33
DA:55,33
DA:59,35
DA:63,6
DA:67,0
DA:71,0
DA:75,16
DA:76,16
DA:77,16
DA:81,9
DA:82,9
DA:83,55
DA:85,9
DA:86,1
DA:91,8
DA:95,29
DA:99,0
DA:107,3
DA:109,3
DA:111,3
DA:113,3
DA:117,6
DA:119,6
DA:120,2
DA:125,2
DA:126,2
DA:129,4
DA:131,4
DA:133,4
DA:135,6
DA:136,2
DA:139,4
DA:143,1
DA:144,1
DA:145,1
DA:146,1
DA:147,1
DA:148,1
DA:149,1
DA:153,1
DA:154,1
DA:155,1
DA:159,1
DA:160,1
DA:164,0
DA:165,0
DA:167,0
DA:168,0
DA:169,0
DA:170,0
DA:173,0
DA:176,14
DA:180,1
DA:184,25
DA:186,25
DA:188,25
DA:192,11
DA:196,19
LF:72
LH:62
BRDA:19,0,0,0
BRDA:85,1,0,1
BRDA:85,1,1,8
BRDA:107,2,0,3
BRDA:107,2,1,0
BRDA:111,3,0,3
BRDA:111,3,1,0
BRDA:119,4,0,2
BRDA:119,4,1,4
BRDA:135,5,0,2
BRDA:135,5,1,2
BRDA:135,6,0,4
BRDA:135,6,1,2
BRDA:168,7,0,0
BRDA:168,7,1,0
BRDA:168,8,0,0
BRDA:168,8,1,0
BRDA:183,9,0,25
BRF:18
BRH:11
end_of_record
TN:
SF:src/server/models/player.js
FN:11,(anonymous_0)
FN:20,(anonymous_1)
FN:24,(anonymous_2)
FN:27,(anonymous_3)
FN:31,(anonymous_4)
FN:35,(anonymous_5)
FN:39,(anonymous_6)
FN:43,(anonymous_7)
FN:51,(anonymous_8)
FNF:9
FNH:8
FNDA:39,(anonymous_0)
FNDA:224,(anonymous_1)
FNDA:69,(anonymous_2)
FNDA:32,(anonymous_3)
FNDA:2,(anonymous_4)
FNDA:26,(anonymous_5)
FNDA:31,(anonymous_6)
FNDA:0,(anonymous_7)
FNDA:31,(anonymous_8)
DA:4,4
DA:12,39
DA:13,39
DA:14,39
DA:15,39
DA:17,39
DA:21,224
DA:25,69
DA:28,32
DA:32,2
DA:36,26
DA:40,31
DA:44,0
DA:45,0
DA:47,0
DA:52,31
LF:16
LH:13
BRDA:44,0,0,0
BRDA:44,0,1,0
BRF:2
BRH:0
end_of_record
TN:
SF:src/server/models/tetramino.js
FN:13,(anonymous_0)
FN:19,(anonymous_1)
FN:25,(anonymous_2)
FN:38,(anonymous_3)
FN:39,(anonymous_4)
FN:44,(anonymous_5)
FNF:6
FNH:5
FNDA:4,(anonymous_0)
FNDA:0,(anonymous_1)
FNDA:4,(anonymous_2)
FNDA:5,(anonymous_3)
FNDA:20,(anonymous_4)
FNDA:6,(anonymous_5)
DA:11,4
DA:14,4
DA:15,4
DA:16,4
DA:20,0
DA:26,4
DA:32,4
DA:34,4
DA:35,4
DA:39,5
DA:40,20
DA:45,6
DA:46,6
DA:48,6
DA:49,24
DA:54,6
LF:16
LH:15
BRDA:20,0,0,0
BRDA:20,0,1,0
BRDA:27,1,0,0
BRDA:27,1,1,4
BRDA:40,2,0,7
BRDA:40,2,1,13
BRF:6
BRH:3
end_of_record
TN:
SF:src/server/router/httpStatusCode.js
FNF:0
FNH:0
DA:5,1
LF:1
LH:1
BRF:0
BRH:0
end_of_record
TN:
SF:src/server/router/index.js
FN:21,(anonymous_0)
FN:32,(anonymous_1)
FN:42,(anonymous_2)
FN:46,(anonymous_3)
FN:50,(anonymous_4)
FN:54,(anonymous_5)
FN:58,(anonymous_6)
FN:62,(anonymous_7)
FN:66,(anonymous_8)
FN:67,(anonymous_9)
FN:72,(anonymous_10)
FN:83,(anonymous_11)
FN:86,(anonymous_12)
FN:95,(anonymous_13)
FN:105,(anonymous_14)
FNF:15
FNH:13
FNDA:1,(anonymous_0)
FNDA:0,(anonymous_1)
FNDA:2,(anonymous_2)
FNDA:1,(anonymous_3)
FNDA:1,(anonymous_4)
FNDA:1,(anonymous_5)
FNDA:1,(anonymous_6)
FNDA:0,(anonymous_7)
FNDA:2,(anonymous_8)
FNDA:2,(anonymous_9)
FNDA:2,(anonymous_10)
FNDA:2,(anonymous_11)
FNDA:2,(anonymous_12)
FNDA:2,(anonymous_13)
FNDA:5,(anonymous_14)
DA:7,1
DA:22,1
DA:28,1
DA:30,1
DA:33,0
DA:35,0
DA:36,0
DA:43,2
DA:47,1
DA:51,1
DA:55,1
DA:59,1
DA:63,0
DA:67,2
DA:68,2
DA:73,2
DA:75,2
DA:76,0
DA:78,2
DA:80,2
DA:84,2
DA:86,2
DA:87,2
DA:91,2
DA:92,2
DA:93,2
DA:95,2
DA:96,2
DA:98,2
DA:102,2
DA:106,5
LF:31
LH:26
BRDA:35,0,0,0
BRDA:35,0,1,0
BRDA:67,1,0,2
BRDA:67,1,1,0
BRDA:75,2,0,0
BRDA:75,2,1,2
BRDA:91,3,0,2
BRDA:91,3,1,0
BRF:8
BRH:3
end_of_record
TN:
SF:src/server/router/request.js
FN:9,(anonymous_0)
FN:16,(anonymous_1)
FN:23,(anonymous_2)
FN:30,(anonymous_3)
FN:34,(anonymous_4)
FN:39,(anonymous_5)
FN:43,(anonymous_6)
FN:48,(anonymous_7)
FN:57,(anonymous_8)
FN:61,(anonymous_9)
FN:65,(anonymous_10)
FNF:11
FNH:0
FNDA:0,(anonymous_0)
FNDA:0,(anonymous_1)
FNDA:0,(anonymous_2)
FNDA:0,(anonymous_3)
FNDA:0,(anonymous_4)
FNDA:0,(anonymous_5)
FNDA:0,(anonymous_6)
FNDA:0,(anonymous_7)
FNDA:0,(anonymous_8)
FNDA:0,(anonymous_9)
FNDA:0,(anonymous_10)
DA:7,0
DA:10,0
DA:11,0
DA:13,0
DA:17,0
DA:18,0
DA:20,0
DA:24,0
DA:25,0
DA:27,0
DA:31,0
DA:35,0
DA:40,0
DA:44,0
DA:49,0
DA:51,0
DA:52,0
DA:54,0
DA:58,0
DA:62,0
LF:20
LH:0
BRDA:10,0,0,0
BRDA:10,0,1,0
BRDA:17,1,0,0
BRDA:17,1,1,0
BRDA:24,2,0,0
BRDA:24,2,1,0
BRDA:40,3,0,0
BRDA:40,3,1,0
BRDA:44,4,0,0
BRDA:44,4,1,0
BRF:10
BRH:0
end_of_record
TN:
SF:src/server/router/response.js
FN:7,(anonymous_0)
FN:11,(anonymous_1)
FN:16,(anonymous_2)
FN:21,(anonymous_3)
FN:26,(anonymous_4)
FN:35,(anonymous_5)
FNF:6
FNH:0
FNDA:0,(anonymous_0)
FNDA:0,(anonymous_1)
FNDA:0,(anonymous_2)
FNDA:0,(anonymous_3)
FNDA:0,(anonymous_4)
FNDA:0,(anonymous_5)
DA:5,0
DA:8,0
DA:12,0
DA:13,0
DA:17,0
DA:18,0
DA:22,0
DA:23,0
DA:31,0
DA:32,0
DA:39,0
LF:11
LH:0
BRDA:16,0,0,0
BRDA:21,1,0,0
BRDA:28,2,0,0
BRDA:29,3,0,0
BRDA:36,4,0,0
BRDA:37,5,0,0
BRF:6
BRH:0
end_of_record
TN:
SF:src/server/router/routeParams.js
FN:4,(anonymous_0)
FN:10,(anonymous_1)
FN:14,(anonymous_2)
FN:18,(anonymous_3)
FN:22,(anonymous_4)
FNF:5
FNH:2
FNDA:2,(anonymous_0)
FNDA:2,(anonymous_1)
FNDA:0,(anonymous_2)
FNDA:0,(anonymous_3)
FNDA:0,(anonymous_4)
DA:2,1
DA:5,2
DA:7,2
DA:11,2
DA:15,0
DA:19,0
DA:23,0
LF:7
LH:4
BRF:0
BRH:0
end_of_record
TN:
SF:src/utils/constants.js
FN:108,(anonymous_0)
FNF:1
FNH:1
FNDA:80,(anonymous_0)
DA:1,4
DA:3,4
DA:8,4
DA:23,4
DA:33,4
DA:40,4
DA:47,4
DA:93,4
DA:100,4
DA:101,4
DA:103,4
DA:108,80
DA:110,4
LF:13
LH:13
BRF:0
BRH:0
end_of_record
TN:
SF:src/utils/formatDateString.js
FN:1,(anonymous_0)
FNF:1
FNH:1
FNDA:23,(anonymous_0)
DA:1,2
DA:2,23
DA:3,23
DA:4,23
DA:5,23
DA:8,23
LF:6
LH:6
BRDA:4,0,0,23
BRDA:4,0,1,0
BRF:2
BRH:1
end_of_record
TN:
SF:src/utils/randomChoice.js
FN:1,(anonymous_0)
FNF:1
FNH:1
FNDA:182,(anonymous_0)
DA:1,5
DA:2,182
LF:2
LH:2
BRF:0
BRH:0
end_of_record
TN:
SF:src/utils/selfPreservingPromise.js
FN:2,(anonymous_0)
FN:5,(anonymous_1)
FNF:2
FNH:1
FNDA:2,(anonymous_0)
FNDA:0,(anonymous_1)
DA:3,2
DA:6,0
DA:8,0
LF:3
LH:1
BRF:0
BRH:0
end_of_record
